<?xml version="1.0" encoding="utf-8"?>
<CoverageSession xmlns:xsd="http://www.w3.org/2001/XMLSchema" xmlns:xsi="http://www.w3.org/2001/XMLSchema-instance">
  <Summary numSequencePoints="940" visitedSequencePoints="79" numBranchPoints="382" visitedBranchPoints="27" sequenceCoverage="8.40" branchCoverage="7.07" maxCyclomaticComplexity="46" minCyclomaticComplexity="1" visitedClasses="4" numClasses="66" visitedMethods="22" numMethods="228" />
  <Modules>
    <Module skippedDueTo="Filter" hash="78-86-CA-91-BC-E9-44-44-8A-FE-35-6A-EA-51-55-5A-F6-5A-42-46">
      <ModulePath>C:\windows\Microsoft.Net\assembly\GAC_32\mscorlib\v4.0_4.0.0.0__b77a5c561934e089\mscorlib.dll</ModulePath>
      <ModuleTime>2015-11-05T15:06:48Z</ModuleTime>
      <ModuleName>mscorlib</ModuleName>
      <Classes />
    </Module>
    <Module skippedDueTo="MissingPdb" hash="">
      <ModulePath>Microsoft.Dnx.Host.Clr.dll</ModulePath>
      <ModuleTime>0001-01-01T00:00:00</ModuleTime>
      <ModuleName>Microsoft.Dnx.Host.Clr</ModuleName>
      <Classes />
    </Module>
    <Module skippedDueTo="Filter" hash="EE-77-8B-34-FE-47-61-EA-AD-62-7D-B3-79-79-9C-B7-64-F3-12-03">
      <ModulePath>C:\windows\Microsoft.Net\assembly\GAC_MSIL\System\v4.0_4.0.0.0__b77a5c561934e089\System.dll</ModulePath>
      <ModuleTime>2015-11-05T15:06:48Z</ModuleTime>
      <ModuleName>System</ModuleName>
      <Classes />
    </Module>
    <Module skippedDueTo="MissingPdb" hash="D9-BB-1E-E3-62-86-E7-DF-92-59-A0-B7-78-39-12-42-D8-4C-57-29">
      <ModulePath>C:\Users\baraneetharan.r\.dnx\runtimes\dnx-clr-win-x86.1.0.0-rc1-update1\bin\Microsoft.Dnx.Host.dll</ModulePath>
      <ModuleTime>2015-11-23T11:32:58Z</ModuleTime>
      <ModuleName>Microsoft.Dnx.Host</ModuleName>
      <Classes />
    </Module>
    <Module skippedDueTo="Filter" hash="9C-DB-95-DC-25-D5-38-7E-C2-3A-20-8F-14-5D-A9-56-2A-D7-00-E3">
      <ModulePath>C:\windows\Microsoft.Net\assembly\GAC_MSIL\System.Configuration\v4.0_4.0.0.0__b03f5f7f11d50a3a\System.Configuration.dll</ModulePath>
      <ModuleTime>2015-11-05T15:06:48Z</ModuleTime>
      <ModuleName>System.Configuration</ModuleName>
      <Classes />
    </Module>
    <Module skippedDueTo="Filter" hash="F7-E9-75-D6-35-98-70-4A-0F-45-76-1B-B3-83-70-38-5E-DF-02-47">
      <ModulePath>C:\windows\Microsoft.Net\assembly\GAC_MSIL\System.Xml\v4.0_4.0.0.0__b77a5c561934e089\System.Xml.dll</ModulePath>
      <ModuleTime>2015-11-05T15:06:48Z</ModuleTime>
      <ModuleName>System.Xml</ModuleName>
      <Classes />
    </Module>
    <Module skippedDueTo="MissingPdb" hash="A5-3F-37-6F-61-B1-D7-51-19-0E-AF-82-55-B4-1E-5F-32-DF-FD-8C">
      <ModulePath>C:\Users\baraneetharan.r\.dnx\runtimes\dnx-clr-win-x86.1.0.0-rc1-update1\bin\Microsoft.Extensions.PlatformAbstractions.dll</ModulePath>
      <ModuleTime>2015-11-23T11:32:58Z</ModuleTime>
      <ModuleName>Microsoft.Extensions.PlatformAbstractions</ModuleName>
      <Classes />
    </Module>
    <Module skippedDueTo="Filter" hash="31-76-6A-81-5B-45-2B-B2-02-8C-E4-69-D2-C3-8F-87-B1-54-25-E8">
      <ModulePath>C:\windows\Microsoft.Net\assembly\GAC_MSIL\System.Core\v4.0_4.0.0.0__b77a5c561934e089\System.Core.dll</ModulePath>
      <ModuleTime>2015-11-05T15:06:48Z</ModuleTime>
      <ModuleName>System.Core</ModuleName>
      <Classes />
    </Module>
    <Module skippedDueTo="MissingPdb" hash="0A-C0-9C-1A-C1-B5-B2-D3-BD-6E-83-DB-B6-D3-30-CB-91-BD-3B-6C">
      <ModulePath>C:\Users\baraneetharan.r\.dnx\runtimes\dnx-clr-win-x86.1.0.0-rc1-update1\bin\Microsoft.Dnx.Loader.dll</ModulePath>
      <ModuleTime>2015-11-23T11:32:58Z</ModuleTime>
      <ModuleName>Microsoft.Dnx.Loader</ModuleName>
      <Classes />
    </Module>
    <Module skippedDueTo="MissingPdb" hash="02-47-AC-CE-9F-A0-9A-D8-BD-77-55-89-25-44-D1-B4-31-64-A3-05">
      <ModulePath>C:\Users\baraneetharan.r\.dnx\runtimes\dnx-clr-win-x86.1.0.0-rc1-update1\bin\Microsoft.Dnx.ApplicationHost.dll</ModulePath>
      <ModuleTime>2015-11-23T11:32:58Z</ModuleTime>
      <ModuleName>Microsoft.Dnx.ApplicationHost</ModuleName>
      <Classes />
    </Module>
    <Module skippedDueTo="MissingPdb" hash="C3-04-EE-0E-B8-02-1F-A7-4C-27-57-21-90-E0-D6-18-63-C7-6E-D1">
      <ModulePath>C:\Users\baraneetharan.r\.dnx\runtimes\dnx-clr-win-x86.1.0.0-rc1-update1\bin\Microsoft.Dnx.Runtime.dll</ModulePath>
      <ModuleTime>2015-11-23T11:32:58Z</ModuleTime>
      <ModuleName>Microsoft.Dnx.Runtime</ModuleName>
      <Classes />
    </Module>
    <Module skippedDueTo="MissingPdb" hash="99-3B-E4-11-AD-19-DF-0F-B9-DE-AB-BB-A0-F8-0F-E4-24-54-9C-7B">
      <ModulePath>C:\Users\baraneetharan.r\.dnx\runtimes\dnx-clr-win-x86.1.0.0-rc1-update1\bin\Microsoft.Dnx.Compilation.dll</ModulePath>
      <ModuleTime>2015-11-23T11:32:58Z</ModuleTime>
      <ModuleName>Microsoft.Dnx.Compilation</ModuleName>
      <Classes />
    </Module>
    <Module skippedDueTo="MissingPdb" hash="64-60-A2-A3-27-2B-2E-F3-F3-99-EB-C5-A3-86-E7-44-43-58-E5-D8">
      <ModulePath>C:\Users\baraneetharan.r\.dnx\runtimes\dnx-clr-win-x86.1.0.0-rc1-update1\bin\Microsoft.Dnx.Compilation.Abstractions.dll</ModulePath>
      <ModuleTime>2015-11-23T11:32:58Z</ModuleTime>
      <ModuleName>Microsoft.Dnx.Compilation.Abstractions</ModuleName>
      <Classes />
    </Module>
    <Module skippedDueTo="Filter" hash="F0-9E-F2-CF-E4-2C-75-73-E3-B5-66-27-42-62-D1-7A-95-6B-D2-E9">
      <ModulePath>C:\Users\baraneetharan.r\.dnx\packages\xunit.runner.dnx\2.1.0-rc1-build204\lib\dnx451\xunit.runner.dnx.dll</ModulePath>
      <ModuleTime>2016-03-14T07:03:14.6137955Z</ModuleTime>
      <ModuleName>xunit.runner.dnx</ModuleName>
      <Classes />
    </Module>
    <Module skippedDueTo="Filter" hash="1C-11-24-7E-82-37-B7-B4-18-34-B8-29-CE-92-D3-1C-B1-06-FF-78">
      <ModulePath>C:\Users\baraneetharan.r\.dnx\packages\xunit.runner.utility\2.1.0\lib\dnx451\xunit.runner.utility.dotnet.dll</ModulePath>
      <ModuleTime>2016-03-14T07:03:14.8428184Z</ModuleTime>
      <ModuleName>xunit.runner.utility.dotnet</ModuleName>
      <Classes />
    </Module>
    <Module skippedDueTo="Filter" hash="0F-9F-A3-39-21-7F-A6-A8-62-42-36-5D-39-6A-E3-44-A3-53-08-C2">
      <ModulePath>C:\windows\Microsoft.Net\assembly\GAC_MSIL\System.Runtime\v4.0_4.0.0.0__b03f5f7f11d50a3a\System.Runtime.dll</ModulePath>
      <ModuleTime>2015-11-05T15:06:48Z</ModuleTime>
      <ModuleName>System.Runtime</ModuleName>
      <Classes />
    </Module>
    <Module skippedDueTo="Filter" hash="9E-A9-5D-7F-86-82-4D-02-7D-07-AD-C0-17-06-5D-73-8F-1F-28-44">
      <ModulePath>C:\Users\baraneetharan.r\.dnx\packages\xunit.abstractions\2.0.0\lib\net35\xunit.abstractions.dll</ModulePath>
      <ModuleTime>2016-03-14T07:03:14.8798221Z</ModuleTime>
      <ModuleName>xunit.abstractions</ModuleName>
      <Classes />
    </Module>
    <Module skippedDueTo="Filter" hash="BC-C1-E0-36-81-C1-16-A2-56-29-07-48-2A-3C-9C-5E-B1-D9-2C-C6">
      <ModulePath>C:\Users\baraneetharan.r\.dnx\packages\xunit.runner.reporters\2.1.0\lib\dnx451\xunit.runner.reporters.dotnet.dll</ModulePath>
      <ModuleTime>2016-03-14T07:03:14.6878029Z</ModuleTime>
      <ModuleName>xunit.runner.reporters.dotnet</ModuleName>
      <Classes />
    </Module>
    <Module skippedDueTo="Filter" hash="81-88-8D-26-F1-B8-6B-46-8E-CB-45-56-03-46-B8-97-A1-B0-91-EF">
      <ModulePath>C:\windows\Microsoft.Net\assembly\GAC_MSIL\System.Threading.Tasks\v4.0_4.0.0.0__b03f5f7f11d50a3a\System.Threading.Tasks.dll</ModulePath>
      <ModuleTime>2015-11-05T15:06:48Z</ModuleTime>
      <ModuleName>System.Threading.Tasks</ModuleName>
      <Classes />
    </Module>
    <Module skippedDueTo="Filter" hash="89-DD-2A-3B-C0-B4-7D-15-D9-76-B9-27-55-4B-FA-41-13-70-B3-D7">
      <ModulePath>C:\windows\Microsoft.Net\assembly\GAC_MSIL\System.Net.Http\v4.0_4.0.0.0__b03f5f7f11d50a3a\System.Net.Http.dll</ModulePath>
      <ModuleTime>2015-11-05T15:06:48Z</ModuleTime>
      <ModuleName>System.Net.Http</ModuleName>
      <Classes />
    </Module>
    <Module skippedDueTo="MissingPdb" hash="33-D9-48-00-DA-CE-77-57-E1-CC-68-0E-64-33-BE-A7-89-A6-2B-DA">
      <ModulePath>C:\Users\baraneetharan.r\.dnx\runtimes\dnx-clr-win-x86.1.0.0-rc1-update1\bin\Microsoft.Dnx.Compilation.CSharp.dll</ModulePath>
      <ModuleTime>2015-11-23T11:32:58Z</ModuleTime>
      <ModuleName>Microsoft.Dnx.Compilation.CSharp</ModuleName>
      <Classes />
    </Module>
    <Module skippedDueTo="MissingPdb" hash="BF-61-93-E5-BE-DE-84-F0-D1-63-3C-FC-10-5B-DC-51-55-62-98-5A">
      <ModulePath>C:\Users\baraneetharan.r\.dnx\runtimes\dnx-clr-win-x86.1.0.0-rc1-update1\bin\Microsoft.CodeAnalysis.dll</ModulePath>
      <ModuleTime>2015-11-23T09:29:38Z</ModuleTime>
      <ModuleName>Microsoft.CodeAnalysis</ModuleName>
      <Classes />
    </Module>
    <Module skippedDueTo="Filter" hash="E3-5F-DE-18-90-9C-1C-B9-1A-E2-BB-CE-E8-44-05-93-9B-3D-DB-5D">
      <ModulePath>C:\windows\Microsoft.Net\assembly\GAC_MSIL\System.Collections.Immutable\v4.0_1.1.37.0__b03f5f7f11d50a3a\System.Collections.Immutable.dll</ModulePath>
      <ModuleTime>2016-03-10T07:27:24.720807Z</ModuleTime>
      <ModuleName>System.Collections.Immutable</ModuleName>
      <Classes />
    </Module>
    <Module skippedDueTo="MissingPdb" hash="8B-49-23-55-19-71-0C-6F-19-A0-F3-CD-1F-90-9A-55-62-C0-6A-E9">
      <ModulePath>C:\Users\baraneetharan.r\.dnx\runtimes\dnx-clr-win-x86.1.0.0-rc1-update1\bin\Microsoft.Dnx.Compilation.CSharp.Abstractions.dll</ModulePath>
      <ModuleTime>2015-11-23T11:32:58Z</ModuleTime>
      <ModuleName>Microsoft.Dnx.Compilation.CSharp.Abstractions</ModuleName>
      <Classes />
    </Module>
    <Module skippedDueTo="MissingPdb" hash="A1-6D-A4-AA-92-A6-AF-BF-A3-F4-8D-CF-31-35-78-A8-6D-BD-AE-5D">
      <ModulePath>C:\Users\baraneetharan.r\.dnx\runtimes\dnx-clr-win-x86.1.0.0-rc1-update1\bin\Microsoft.Dnx.Compilation.CSharp.Common.dll</ModulePath>
      <ModuleTime>2015-11-23T11:32:58Z</ModuleTime>
      <ModuleName>Microsoft.Dnx.Compilation.CSharp.Common</ModuleName>
      <Classes />
    </Module>
    <Module skippedDueTo="MissingPdb" hash="6D-35-B1-36-36-38-DF-A8-66-59-F3-6E-29-7D-B7-85-84-8B-70-36">
      <ModulePath>C:\Users\baraneetharan.r\.dnx\runtimes\dnx-clr-win-x86.1.0.0-rc1-update1\bin\Microsoft.CodeAnalysis.CSharp.dll</ModulePath>
      <ModuleTime>2015-11-23T09:29:36Z</ModuleTime>
      <ModuleName>Microsoft.CodeAnalysis.CSharp</ModuleName>
      <Classes />
    </Module>
    <Module skippedDueTo="Filter" hash="3B-C7-D4-BF-AD-54-04-E8-2E-55-B8-41-F4-EB-4D-5C-BE-08-41-EB">
      <ModulePath>C:\windows\Microsoft.Net\assembly\GAC_MSIL\System.IO\v4.0_4.0.0.0__b03f5f7f11d50a3a\System.IO.dll</ModulePath>
      <ModuleTime>2015-11-05T15:06:48Z</ModuleTime>
      <ModuleName>System.IO</ModuleName>
      <Classes />
    </Module>
    <Module skippedDueTo="Filter" hash="D4-9E-E5-F2-84-DD-69-55-6D-B7-62-06-4D-AC-56-E6-E9-41-BE-54">
      <ModulePath>C:\Users\baraneetharan.r\.dnx\runtimes\dnx-clr-win-x86.1.0.0-rc1-update1\bin\System.Reflection.Metadata.dll</ModulePath>
      <ModuleTime>2015-11-23T09:29:38Z</ModuleTime>
      <ModuleName>System.Reflection.Metadata</ModuleName>
      <Classes />
    </Module>
    <Module skippedDueTo="Filter" hash="52-29-75-02-99-18-3B-78-51-4F-72-1B-D3-0F-46-A9-1D-CA-6A-C5">
      <ModulePath>C:\windows\Microsoft.Net\assembly\GAC_MSIL\System.Linq\v4.0_4.0.0.0__b03f5f7f11d50a3a\System.Linq.dll</ModulePath>
      <ModuleTime>2015-11-05T15:06:48Z</ModuleTime>
      <ModuleName>System.Linq</ModuleName>
      <Classes />
    </Module>
    <Module skippedDueTo="Filter" hash="E5-47-DF-DB-F9-44-F7-01-45-88-53-04-81-38-D1-35-A9-F1-C7-BC">
      <ModulePath>C:\windows\Microsoft.Net\assembly\GAC_MSIL\System.Collections\v4.0_4.0.0.0__b03f5f7f11d50a3a\System.Collections.dll</ModulePath>
      <ModuleTime>2015-11-05T15:06:48Z</ModuleTime>
      <ModuleName>System.Collections</ModuleName>
      <Classes />
    </Module>
    <Module skippedDueTo="Filter" hash="9F-05-4A-66-D2-10-C7-10-B9-B6-E0-C2-8B-2B-1D-B3-B0-80-DF-44">
      <ModulePath>C:\windows\Microsoft.Net\assembly\GAC_MSIL\System.Globalization\v4.0_4.0.0.0__b03f5f7f11d50a3a\System.Globalization.dll</ModulePath>
      <ModuleTime>2015-11-05T15:06:48Z</ModuleTime>
      <ModuleName>System.Globalization</ModuleName>
      <Classes />
    </Module>
    <Module skippedDueTo="Filter" hash="0F-32-0B-38-46-06-C7-DE-9E-91-FE-70-1F-D2-1D-D5-7C-29-17-C0">
      <ModulePath>C:\windows\Microsoft.Net\assembly\GAC_MSIL\System.Runtime.Extensions\v4.0_4.0.0.0__b03f5f7f11d50a3a\System.Runtime.Extensions.dll</ModulePath>
      <ModuleTime>2015-11-05T15:06:48Z</ModuleTime>
      <ModuleName>System.Runtime.Extensions</ModuleName>
      <Classes />
    </Module>
    <Module skippedDueTo="Filter" hash="1D-0F-80-A3-CE-AC-34-50-FC-B2-70-CD-50-8E-69-7A-7C-24-7C-5B">
      <ModulePath>C:\windows\Microsoft.Net\assembly\GAC_MSIL\System.Text.Encoding\v4.0_4.0.0.0__b03f5f7f11d50a3a\System.Text.Encoding.dll</ModulePath>
      <ModuleTime>2015-11-05T15:06:48Z</ModuleTime>
      <ModuleName>System.Text.Encoding</ModuleName>
      <Classes />
    </Module>
    <Module skippedDueTo="Filter" hash="CF-1A-E4-C3-D8-CF-32-48-06-B3-8B-C4-45-27-5C-DE-0F-3E-48-2E">
      <ModulePath>C:\windows\Microsoft.Net\assembly\GAC_MSIL\System.Text.Encoding.Extensions\v4.0_4.0.0.0__b03f5f7f11d50a3a\System.Text.Encoding.Extensions.dll</ModulePath>
      <ModuleTime>2015-11-05T15:06:48Z</ModuleTime>
      <ModuleName>System.Text.Encoding.Extensions</ModuleName>
      <Classes />
    </Module>
    <Module skippedDueTo="Filter" hash="1A-4F-FB-C9-E4-BA-9A-44-CC-5E-02-41-D9-55-3F-65-5C-73-FD-55">
      <ModulePath>C:\windows\Microsoft.Net\assembly\GAC_MSIL\System.Reflection\v4.0_4.0.0.0__b03f5f7f11d50a3a\System.Reflection.dll</ModulePath>
      <ModuleTime>2015-11-05T15:06:48Z</ModuleTime>
      <ModuleName>System.Reflection</ModuleName>
      <Classes />
    </Module>
    <Module skippedDueTo="Filter" hash="A2-B8-00-C5-ED-EB-89-DA-95-D1-D5-CE-3F-E6-AF-0C-1F-05-E8-52">
      <ModulePath>C:\windows\Microsoft.Net\assembly\GAC_MSIL\System.Dynamic.Runtime\v4.0_4.0.0.0__b03f5f7f11d50a3a\System.Dynamic.Runtime.dll</ModulePath>
      <ModuleTime>2015-11-05T15:06:48Z</ModuleTime>
      <ModuleName>System.Dynamic.Runtime</ModuleName>
      <Classes />
    </Module>
    <Module skippedDueTo="Filter" hash="79-E7-3F-B7-6C-B7-93-B9-F9-D7-AF-D0-AA-58-C9-75-5C-8F-0A-92">
      <ModulePath>C:\windows\Microsoft.Net\assembly\GAC_MSIL\System.Threading\v4.0_4.0.0.0__b03f5f7f11d50a3a\System.Threading.dll</ModulePath>
      <ModuleTime>2015-11-05T15:06:48Z</ModuleTime>
      <ModuleName>System.Threading</ModuleName>
      <Classes />
    </Module>
    <Module skippedDueTo="Filter" hash="B4-A0-69-08-54-95-6A-AB-3C-55-FA-F7-D2-FB-33-9E-97-0B-F2-D9">
      <ModulePath>C:\windows\Microsoft.Net\assembly\GAC_MSIL\System.Collections.Concurrent\v4.0_4.0.0.0__b03f5f7f11d50a3a\System.Collections.Concurrent.dll</ModulePath>
      <ModuleTime>2015-11-05T15:06:48Z</ModuleTime>
      <ModuleName>System.Collections.Concurrent</ModuleName>
      <Classes />
    </Module>
    <Module skippedDueTo="Filter" hash="F7-8F-52-B5-15-C7-07-E5-3F-20-82-E0-21-DD-0D-B6-8B-F0-7C-83">
      <ModulePath>C:\windows\Microsoft.Net\assembly\GAC_MSIL\System.Runtime.InteropServices\v4.0_4.0.0.0__b03f5f7f11d50a3a\System.Runtime.InteropServices.dll</ModulePath>
      <ModuleTime>2015-11-05T15:06:48Z</ModuleTime>
      <ModuleName>System.Runtime.InteropServices</ModuleName>
      <Classes />
    </Module>
    <Module skippedDueTo="Filter" hash="AE-37-FD-5D-B5-CD-1F-93-4D-77-EB-9A-EF-75-09-35-E6-6E-10-CA">
      <ModulePath>C:\windows\Microsoft.Net\assembly\GAC_MSIL\System.Threading.Tasks.Parallel\v4.0_4.0.0.0__b03f5f7f11d50a3a\System.Threading.Tasks.Parallel.dll</ModulePath>
      <ModuleTime>2015-11-05T15:06:48Z</ModuleTime>
      <ModuleName>System.Threading.Tasks.Parallel</ModuleName>
      <Classes />
    </Module>
    <Module skippedDueTo="Filter" hash="45-67-46-11-DD-F7-D3-73-B7-5A-E9-BC-F3-21-06-DB-CF-B7-5F-5C">
      <ModulePath>C:\windows\Microsoft.Net\assembly\GAC_MSIL\System.Reflection.Primitives\v4.0_4.0.0.0__b03f5f7f11d50a3a\System.Reflection.Primitives.dll</ModulePath>
      <ModuleTime>2015-11-05T15:06:48Z</ModuleTime>
      <ModuleName>System.Reflection.Primitives</ModuleName>
      <Classes />
    </Module>
    <Module skippedDueTo="Filter" hash="A4-97-87-3E-17-A4-2E-F6-6C-B5-33-C5-6E-04-94-8B-57-A6-D8-5D">
      <ModulePath>C:\windows\Microsoft.Net\assembly\GAC_MSIL\System.Reflection.Extensions\v4.0_4.0.0.0__b03f5f7f11d50a3a\System.Reflection.Extensions.dll</ModulePath>
      <ModuleTime>2015-11-05T15:06:48Z</ModuleTime>
      <ModuleName>System.Reflection.Extensions</ModuleName>
      <Classes />
    </Module>
    <Module skippedDueTo="Filter" hash="07-C3-5C-C1-5B-0E-FA-7B-BC-58-F8-B0-8A-14-1B-EA-D1-DD-18-F9">
      <ModulePath>C:\windows\Microsoft.Net\assembly\GAC_MSIL\System.Resources.ResourceManager\v4.0_4.0.0.0__b03f5f7f11d50a3a\System.Resources.ResourceManager.dll</ModulePath>
      <ModuleTime>2015-11-05T15:06:48Z</ModuleTime>
      <ModuleName>System.Resources.ResourceManager</ModuleName>
      <Classes />
    </Module>
    <Module skippedDueTo="Filter" hash="4E-3D-D2-9A-F4-20-94-C2-47-3C-F7-08-FF-FB-A5-2C-E3-2F-DC-98">
      <ModulePath>C:\windows\Microsoft.Net\assembly\GAC_MSIL\System.Xml.XDocument\v4.0_4.0.0.0__b03f5f7f11d50a3a\System.Xml.XDocument.dll</ModulePath>
      <ModuleTime>2015-11-05T15:06:48Z</ModuleTime>
      <ModuleName>System.Xml.XDocument</ModuleName>
      <Classes />
    </Module>
    <Module skippedDueTo="Filter" hash="68-53-17-3A-35-94-E7-F4-1C-74-36-22-12-61-37-77-EE-E2-27-85">
      <ModulePath>C:\windows\Microsoft.Net\assembly\GAC_MSIL\System.Xml.Linq\v4.0_4.0.0.0__b77a5c561934e089\System.Xml.Linq.dll</ModulePath>
      <ModuleTime>2015-11-05T15:06:48Z</ModuleTime>
      <ModuleName>System.Xml.Linq</ModuleName>
      <Classes />
    </Module>
    <Module skippedDueTo="MissingPdb" hash="">
      <ModulePath>EmployeeWebApiTest.dll</ModulePath>
      <ModuleTime>0001-01-01T00:00:00</ModuleTime>
      <ModuleName>EmployeeWebApiTest</ModuleName>
      <Classes />
    </Module>
    <Module skippedDueTo="MissingPdb" hash="C6-D5-20-AC-0D-EE-0A-8E-58-8F-3C-24-B6-14-CE-ED-C3-80-8D-58">
      <ModulePath>C:\Users\baraneetharan.r\.dnx\packages\Autofac\4.0.0-rc1-177\lib\net45\Autofac.dll</ModulePath>
      <ModuleTime>2016-03-29T10:04:56.6059977Z</ModuleTime>
      <ModuleName>Autofac</ModuleName>
      <Classes />
    </Module>
    <Module skippedDueTo="MissingPdb" hash="CF-76-35-46-01-E8-3D-F1-71-BB-D5-1B-56-12-DE-46-35-5D-A2-DA">
      <ModulePath>C:\Users\baraneetharan.r\.dnx\packages\Microsoft.Dnx.Testing.Abstractions\1.0.0-rc1-final\lib\net451\Microsoft.Dnx.Testing.Abstractions.dll</ModulePath>
      <ModuleTime>2016-03-14T07:03:14.678802Z</ModuleTime>
      <ModuleName>Microsoft.Dnx.Testing.Abstractions</ModuleName>
      <Classes />
    </Module>
    <Module skippedDueTo="Filter" hash="32-05-E6-E1-25-BC-9E-97-1F-E3-82-67-36-C6-5F-E8-96-CB-DC-EC">
      <ModulePath>C:\windows\Microsoft.Net\assembly\GAC_MSIL\System.Text.RegularExpressions\v4.0_4.0.0.0__b03f5f7f11d50a3a\System.Text.RegularExpressions.dll</ModulePath>
      <ModuleTime>2015-11-05T15:06:48Z</ModuleTime>
      <ModuleName>System.Text.RegularExpressions</ModuleName>
      <Classes />
    </Module>
    <Module skippedDueTo="Filter" hash="10-C6-4B-9C-07-CF-88-97-2D-5D-C1-C8-CC-10-30-4E-E6-B6-C4-4E">
      <ModulePath>C:\Users\baraneetharan.r\.dnx\packages\xunit.extensibility.execution\2.1.0\lib\dnx451\xunit.execution.dotnet.dll</ModulePath>
      <ModuleTime>2016-03-14T07:03:15.1068448Z</ModuleTime>
      <ModuleName>xunit.execution.dotnet</ModuleName>
      <Classes />
    </Module>
    <Module skippedDueTo="Filter" hash="9F-06-B1-CA-CB-A0-C1-4D-45-F5-AA-8F-72-C0-DF-0F-F4-EF-29-CF">
      <ModulePath>C:\Users\baraneetharan.r\.dnx\packages\xunit.extensibility.core\2.1.0\lib\dotnet\xunit.core.dll</ModulePath>
      <ModuleTime>2016-03-14T07:03:14.9618303Z</ModuleTime>
      <ModuleName>xunit.core</ModuleName>
      <Classes />
    </Module>
    <Module skippedDueTo="Filter" hash="BC-A5-01-5E-EC-AC-BF-EF-FF-46-0A-E4-FE-04-97-46-46-6A-DB-E3">
      <ModulePath>C:\windows\Microsoft.Net\assembly\GAC_MSIL\System.Linq.Expressions\v4.0_4.0.0.0__b03f5f7f11d50a3a\System.Linq.Expressions.dll</ModulePath>
      <ModuleTime>2015-11-05T15:06:48Z</ModuleTime>
      <ModuleName>System.Linq.Expressions</ModuleName>
      <Classes />
    </Module>
    <Module skippedDueTo="MissingPdb" hash="">
      <ModulePath>RefEmit_InMemoryManifestModule</ModulePath>
      <ModuleTime>0001-01-01T00:00:00</ModuleTime>
      <ModuleName>Anonymously Hosted DynamicMethods Assembly</ModuleName>
      <Classes />
    </Module>
    <Module hash="55-DC-56-E5-1C-84-80-20-A4-73-8E-16-1C-E5-08-92-61-18-63-62">
      <Summary numSequencePoints="940" visitedSequencePoints="79" numBranchPoints="382" visitedBranchPoints="27" sequenceCoverage="8.40" branchCoverage="7.07" maxCyclomaticComplexity="46" minCyclomaticComplexity="1" visitedClasses="4" numClasses="66" visitedMethods="22" numMethods="228" />
      <ModulePath>D:\REKA\VisualCore\artifacts\bin\EmployeeWebApi\Debug\dnx451\EmployeeWebApi.dll</ModulePath>
      <ModuleTime>2016-03-31T10:36:42.6603805Z</ModuleTime>
      <ModuleName>EmployeeWebApi</ModuleName>
      <Files>
        <File uid="1" fullPath="D:\REKA\VisualCore\src\EmployeeWebApi\Startup.cs" />
        <File uid="4" fullPath="D:\REKA\VisualCore\src\EmployeeWebApi\ViewModels\Manage\AddPhoneNumberViewModel.cs" />
        <File uid="5" fullPath="D:\REKA\VisualCore\src\EmployeeWebApi\ViewModels\Manage\ChangePasswordViewModel.cs" />
        <File uid="6" fullPath="D:\REKA\VisualCore\src\EmployeeWebApi\ViewModels\Manage\ConfigureTwoFactorViewModel.cs" />
        <File uid="7" fullPath="D:\REKA\VisualCore\src\EmployeeWebApi\ViewModels\Manage\FactorViewModel.cs" />
        <File uid="8" fullPath="D:\REKA\VisualCore\src\EmployeeWebApi\ViewModels\Manage\IndexViewModel.cs" />
        <File uid="9" fullPath="D:\REKA\VisualCore\src\EmployeeWebApi\ViewModels\Manage\ManageLoginsViewModel.cs" />
        <File uid="10" fullPath="D:\REKA\VisualCore\src\EmployeeWebApi\ViewModels\Manage\RemoveLoginViewModel.cs" />
        <File uid="11" fullPath="D:\REKA\VisualCore\src\EmployeeWebApi\ViewModels\Manage\SetPasswordViewModel.cs" />
        <File uid="12" fullPath="D:\REKA\VisualCore\src\EmployeeWebApi\ViewModels\Manage\VerifyPhoneNumberViewModel.cs" />
        <File uid="13" fullPath="D:\REKA\VisualCore\src\EmployeeWebApi\ViewModels\Account\ExternalLoginConfirmationViewModel.cs" />
        <File uid="14" fullPath="D:\REKA\VisualCore\src\EmployeeWebApi\ViewModels\Account\ForgotPasswordViewModel.cs" />
        <File uid="15" fullPath="D:\REKA\VisualCore\src\EmployeeWebApi\ViewModels\Account\LoginViewModel.cs" />
        <File uid="16" fullPath="D:\REKA\VisualCore\src\EmployeeWebApi\ViewModels\Account\RegisterViewModel.cs" />
        <File uid="17" fullPath="D:\REKA\VisualCore\src\EmployeeWebApi\ViewModels\Account\ResetPasswordViewModel.cs" />
        <File uid="18" fullPath="D:\REKA\VisualCore\src\EmployeeWebApi\ViewModels\Account\SendCodeViewModel.cs" />
        <File uid="19" fullPath="D:\REKA\VisualCore\src\EmployeeWebApi\ViewModels\Account\VerifyCodeViewModel.cs" />
        <File uid="20" fullPath="D:\REKA\VisualCore\src\EmployeeWebApi\Services\MessageServices.cs" />
        <File uid="21" fullPath="D:\REKA\VisualCore\src\EmployeeWebApi\Services\Services\EmpService.cs" />
        <File uid="22" fullPath="D:\REKA\VisualCore\src\EmployeeWebApi\Services\Services\EntityService.cs" />
        <File uid="23" fullPath="D:\REKA\VisualCore\src\EmployeeWebApi\Repositories\Repository\EmpRepository.cs" />
        <File uid="24" fullPath="D:\REKA\VisualCore\src\EmployeeWebApi\Repositories\Repository\GenericRepository.cs" />
        <File uid="25" fullPath="D:\REKA\VisualCore\src\EmployeeWebApi\Repositories\Repository\UnitOfWorks.cs" />
        <File uid="26" fullPath="D:\REKA\VisualCore\src\EmployeeWebApi\Models\ApplicationDbContext.cs" />
        <File uid="27" fullPath="D:\REKA\VisualCore\src\EmployeeWebApi\Models\AutofacModule.cs" />
        <File uid="28" fullPath="D:\REKA\VisualCore\src\EmployeeWebApi\Models\EmployeeDbContext.cs" />
        <File uid="29" fullPath="D:\REKA\VisualCore\src\EmployeeWebApi\Models\EmployeeMasters.cs" />
        <File uid="30" fullPath="D:\REKA\VisualCore\src\EmployeeWebApi\Migrations\00000000000000_CreateIdentitySchema.cs" />
        <File uid="31" fullPath="D:\REKA\VisualCore\src\EmployeeWebApi\Migrations\00000000000000_CreateIdentitySchema.Designer.cs" />
        <File uid="34" fullPath="D:\REKA\VisualCore\src\EmployeeWebApi\Migrations\ApplicationDbContextModelSnapshot.cs" />
        <File uid="36" fullPath="D:\REKA\VisualCore\src\EmployeeWebApi\Controllers\AccountController.cs" />
        <File uid="51" fullPath="D:\REKA\VisualCore\src\EmployeeWebApi\Controllers\EmployeeMastersController.cs" />
        <File uid="52" fullPath="D:\REKA\VisualCore\src\EmployeeWebApi\Controllers\HomeController.cs" />
        <File uid="53" fullPath="D:\REKA\VisualCore\src\EmployeeWebApi\Controllers\ManageController.cs" />
      </Files>
      <Classes>
        <Class>
          <Summary numSequencePoints="0" visitedSequencePoints="0" numBranchPoints="0" visitedBranchPoints="0" sequenceCoverage="0" branchCoverage="0" maxCyclomaticComplexity="0" minCyclomaticComplexity="0" visitedClasses="0" numClasses="0" visitedMethods="0" numMethods="0" />
          <FullName>&lt;Module&gt;</FullName>
          <Methods />
        </Class>
        <Class>
          <Summary numSequencePoints="0" visitedSequencePoints="0" numBranchPoints="0" visitedBranchPoints="0" sequenceCoverage="0" branchCoverage="0" maxCyclomaticComplexity="7" minCyclomaticComplexity="1" visitedClasses="0" numClasses="0" visitedMethods="0" numMethods="0" />
          <FullName>&lt;&gt;f__AnonymousType0`2</FullName>
          <Methods>
            <Method visited="false" cyclomaticComplexity="1" nPathComplexity="0" sequenceCoverage="0" branchCoverage="0" isConstructor="false" isStatic="false" isGetter="true" isSetter="false">
              <Summary numSequencePoints="0" visitedSequencePoints="0" numBranchPoints="0" visitedBranchPoints="0" sequenceCoverage="0" branchCoverage="0" maxCyclomaticComplexity="1" minCyclomaticComplexity="1" visitedClasses="0" numClasses="0" visitedMethods="0" numMethods="0" />
              <MetadataToken>100663297</MetadataToken>
              <Name>&lt;ReturnUrl&gt;j__TPar &lt;&gt;f__AnonymousType0`2::get_ReturnUrl()</Name>
              <SequencePoints />
              <BranchPoints />
              <MethodPoint vc="0" uspid="1" ordinal="0" offset="0" />
            </Method>
            <Method visited="false" cyclomaticComplexity="1" nPathComplexity="0" sequenceCoverage="0" branchCoverage="0" isConstructor="false" isStatic="false" isGetter="true" isSetter="false">
              <Summary numSequencePoints="0" visitedSequencePoints="0" numBranchPoints="0" visitedBranchPoints="0" sequenceCoverage="0" branchCoverage="0" maxCyclomaticComplexity="1" minCyclomaticComplexity="1" visitedClasses="0" numClasses="0" visitedMethods="0" numMethods="0" />
              <MetadataToken>100663298</MetadataToken>
              <Name>&lt;RememberMe&gt;j__TPar &lt;&gt;f__AnonymousType0`2::get_RememberMe()</Name>
              <SequencePoints />
              <BranchPoints />
              <MethodPoint vc="0" uspid="2" ordinal="0" offset="0" />
            </Method>
            <Method visited="false" cyclomaticComplexity="1" nPathComplexity="0" sequenceCoverage="0" branchCoverage="0" isConstructor="true" isStatic="false" isGetter="false" isSetter="false">
              <Summary numSequencePoints="0" visitedSequencePoints="0" numBranchPoints="0" visitedBranchPoints="0" sequenceCoverage="0" branchCoverage="0" maxCyclomaticComplexity="1" minCyclomaticComplexity="1" visitedClasses="0" numClasses="0" visitedMethods="0" numMethods="0" />
              <MetadataToken>100663299</MetadataToken>
              <Name>System.Void &lt;&gt;f__AnonymousType0`2::.ctor(&lt;ReturnUrl&gt;j__TPar,&lt;RememberMe&gt;j__TPar)</Name>
              <SequencePoints />
              <BranchPoints />
              <MethodPoint vc="0" uspid="3" ordinal="0" offset="0" />
            </Method>
            <Method visited="false" cyclomaticComplexity="3" nPathComplexity="0" sequenceCoverage="0" branchCoverage="0" isConstructor="false" isStatic="false" isGetter="false" isSetter="false">
              <Summary numSequencePoints="0" visitedSequencePoints="0" numBranchPoints="0" visitedBranchPoints="0" sequenceCoverage="0" branchCoverage="0" maxCyclomaticComplexity="3" minCyclomaticComplexity="3" visitedClasses="0" numClasses="0" visitedMethods="0" numMethods="0" />
              <MetadataToken>100663300</MetadataToken>
              <Name>System.Boolean &lt;&gt;f__AnonymousType0`2::Equals(System.Object)</Name>
              <SequencePoints />
              <BranchPoints />
              <MethodPoint vc="0" uspid="4" ordinal="0" offset="0" />
            </Method>
            <Method visited="false" cyclomaticComplexity="1" nPathComplexity="0" sequenceCoverage="0" branchCoverage="0" isConstructor="false" isStatic="false" isGetter="false" isSetter="false">
              <Summary numSequencePoints="0" visitedSequencePoints="0" numBranchPoints="0" visitedBranchPoints="0" sequenceCoverage="0" branchCoverage="0" maxCyclomaticComplexity="1" minCyclomaticComplexity="1" visitedClasses="0" numClasses="0" visitedMethods="0" numMethods="0" />
              <MetadataToken>100663301</MetadataToken>
              <Name>System.Int32 &lt;&gt;f__AnonymousType0`2::GetHashCode()</Name>
              <SequencePoints />
              <BranchPoints />
              <MethodPoint vc="0" uspid="5" ordinal="0" offset="0" />
            </Method>
            <Method visited="false" cyclomaticComplexity="7" nPathComplexity="0" sequenceCoverage="0" branchCoverage="0" isConstructor="false" isStatic="false" isGetter="false" isSetter="false">
              <Summary numSequencePoints="0" visitedSequencePoints="0" numBranchPoints="0" visitedBranchPoints="0" sequenceCoverage="0" branchCoverage="0" maxCyclomaticComplexity="7" minCyclomaticComplexity="7" visitedClasses="0" numClasses="0" visitedMethods="0" numMethods="0" />
              <MetadataToken>100663302</MetadataToken>
              <Name>System.String &lt;&gt;f__AnonymousType0`2::ToString()</Name>
              <SequencePoints />
              <BranchPoints />
              <MethodPoint vc="0" uspid="6" ordinal="0" offset="0" />
            </Method>
          </Methods>
        </Class>
        <Class>
          <Summary numSequencePoints="0" visitedSequencePoints="0" numBranchPoints="0" visitedBranchPoints="0" sequenceCoverage="0" branchCoverage="0" maxCyclomaticComplexity="4" minCyclomaticComplexity="1" visitedClasses="0" numClasses="0" visitedMethods="0" numMethods="0" />
          <FullName>&lt;&gt;f__AnonymousType1`1</FullName>
          <Methods>
            <Method visited="false" cyclomaticComplexity="1" nPathComplexity="0" sequenceCoverage="0" branchCoverage="0" isConstructor="false" isStatic="false" isGetter="true" isSetter="false">
              <Summary numSequencePoints="0" visitedSequencePoints="0" numBranchPoints="0" visitedBranchPoints="0" sequenceCoverage="0" branchCoverage="0" maxCyclomaticComplexity="1" minCyclomaticComplexity="1" visitedClasses="0" numClasses="0" visitedMethods="0" numMethods="0" />
              <MetadataToken>100663303</MetadataToken>
              <Name>&lt;ReturnUrl&gt;j__TPar &lt;&gt;f__AnonymousType1`1::get_ReturnUrl()</Name>
              <SequencePoints />
              <BranchPoints />
              <MethodPoint vc="0" uspid="7" ordinal="0" offset="0" />
            </Method>
            <Method visited="false" cyclomaticComplexity="1" nPathComplexity="0" sequenceCoverage="0" branchCoverage="0" isConstructor="true" isStatic="false" isGetter="false" isSetter="false">
              <Summary numSequencePoints="0" visitedSequencePoints="0" numBranchPoints="0" visitedBranchPoints="0" sequenceCoverage="0" branchCoverage="0" maxCyclomaticComplexity="1" minCyclomaticComplexity="1" visitedClasses="0" numClasses="0" visitedMethods="0" numMethods="0" />
              <MetadataToken>100663304</MetadataToken>
              <Name>System.Void &lt;&gt;f__AnonymousType1`1::.ctor(&lt;ReturnUrl&gt;j__TPar)</Name>
              <SequencePoints />
              <BranchPoints />
              <MethodPoint vc="0" uspid="8" ordinal="0" offset="0" />
            </Method>
            <Method visited="false" cyclomaticComplexity="2" nPathComplexity="0" sequenceCoverage="0" branchCoverage="0" isConstructor="false" isStatic="false" isGetter="false" isSetter="false">
              <Summary numSequencePoints="0" visitedSequencePoints="0" numBranchPoints="0" visitedBranchPoints="0" sequenceCoverage="0" branchCoverage="0" maxCyclomaticComplexity="2" minCyclomaticComplexity="2" visitedClasses="0" numClasses="0" visitedMethods="0" numMethods="0" />
              <MetadataToken>100663305</MetadataToken>
              <Name>System.Boolean &lt;&gt;f__AnonymousType1`1::Equals(System.Object)</Name>
              <SequencePoints />
              <BranchPoints />
              <MethodPoint vc="0" uspid="9" ordinal="0" offset="0" />
            </Method>
            <Method visited="false" cyclomaticComplexity="1" nPathComplexity="0" sequenceCoverage="0" branchCoverage="0" isConstructor="false" isStatic="false" isGetter="false" isSetter="false">
              <Summary numSequencePoints="0" visitedSequencePoints="0" numBranchPoints="0" visitedBranchPoints="0" sequenceCoverage="0" branchCoverage="0" maxCyclomaticComplexity="1" minCyclomaticComplexity="1" visitedClasses="0" numClasses="0" visitedMethods="0" numMethods="0" />
              <MetadataToken>100663306</MetadataToken>
              <Name>System.Int32 &lt;&gt;f__AnonymousType1`1::GetHashCode()</Name>
              <SequencePoints />
              <BranchPoints />
              <MethodPoint vc="0" uspid="10" ordinal="0" offset="0" />
            </Method>
            <Method visited="false" cyclomaticComplexity="4" nPathComplexity="0" sequenceCoverage="0" branchCoverage="0" isConstructor="false" isStatic="false" isGetter="false" isSetter="false">
              <Summary numSequencePoints="0" visitedSequencePoints="0" numBranchPoints="0" visitedBranchPoints="0" sequenceCoverage="0" branchCoverage="0" maxCyclomaticComplexity="4" minCyclomaticComplexity="4" visitedClasses="0" numClasses="0" visitedMethods="0" numMethods="0" />
              <MetadataToken>100663307</MetadataToken>
              <Name>System.String &lt;&gt;f__AnonymousType1`1::ToString()</Name>
              <SequencePoints />
              <BranchPoints />
              <MethodPoint vc="0" uspid="11" ordinal="0" offset="0" />
            </Method>
          </Methods>
        </Class>
        <Class>
          <Summary numSequencePoints="0" visitedSequencePoints="0" numBranchPoints="0" visitedBranchPoints="0" sequenceCoverage="0" branchCoverage="0" maxCyclomaticComplexity="10" minCyclomaticComplexity="1" visitedClasses="0" numClasses="0" visitedMethods="0" numMethods="0" />
          <FullName>&lt;&gt;f__AnonymousType2`3</FullName>
          <Methods>
            <Method visited="false" cyclomaticComplexity="1" nPathComplexity="0" sequenceCoverage="0" branchCoverage="0" isConstructor="false" isStatic="false" isGetter="true" isSetter="false">
              <Summary numSequencePoints="0" visitedSequencePoints="0" numBranchPoints="0" visitedBranchPoints="0" sequenceCoverage="0" branchCoverage="0" maxCyclomaticComplexity="1" minCyclomaticComplexity="1" visitedClasses="0" numClasses="0" visitedMethods="0" numMethods="0" />
              <MetadataToken>100663308</MetadataToken>
              <Name>&lt;Provider&gt;j__TPar &lt;&gt;f__AnonymousType2`3::get_Provider()</Name>
              <SequencePoints />
              <BranchPoints />
              <MethodPoint vc="0" uspid="12" ordinal="0" offset="0" />
            </Method>
            <Method visited="false" cyclomaticComplexity="1" nPathComplexity="0" sequenceCoverage="0" branchCoverage="0" isConstructor="false" isStatic="false" isGetter="true" isSetter="false">
              <Summary numSequencePoints="0" visitedSequencePoints="0" numBranchPoints="0" visitedBranchPoints="0" sequenceCoverage="0" branchCoverage="0" maxCyclomaticComplexity="1" minCyclomaticComplexity="1" visitedClasses="0" numClasses="0" visitedMethods="0" numMethods="0" />
              <MetadataToken>100663309</MetadataToken>
              <Name>&lt;ReturnUrl&gt;j__TPar &lt;&gt;f__AnonymousType2`3::get_ReturnUrl()</Name>
              <SequencePoints />
              <BranchPoints />
              <MethodPoint vc="0" uspid="13" ordinal="0" offset="0" />
            </Method>
            <Method visited="false" cyclomaticComplexity="1" nPathComplexity="0" sequenceCoverage="0" branchCoverage="0" isConstructor="false" isStatic="false" isGetter="true" isSetter="false">
              <Summary numSequencePoints="0" visitedSequencePoints="0" numBranchPoints="0" visitedBranchPoints="0" sequenceCoverage="0" branchCoverage="0" maxCyclomaticComplexity="1" minCyclomaticComplexity="1" visitedClasses="0" numClasses="0" visitedMethods="0" numMethods="0" />
              <MetadataToken>100663310</MetadataToken>
              <Name>&lt;RememberMe&gt;j__TPar &lt;&gt;f__AnonymousType2`3::get_RememberMe()</Name>
              <SequencePoints />
              <BranchPoints />
              <MethodPoint vc="0" uspid="14" ordinal="0" offset="0" />
            </Method>
            <Method visited="false" cyclomaticComplexity="1" nPathComplexity="0" sequenceCoverage="0" branchCoverage="0" isConstructor="true" isStatic="false" isGetter="false" isSetter="false">
              <Summary numSequencePoints="0" visitedSequencePoints="0" numBranchPoints="0" visitedBranchPoints="0" sequenceCoverage="0" branchCoverage="0" maxCyclomaticComplexity="1" minCyclomaticComplexity="1" visitedClasses="0" numClasses="0" visitedMethods="0" numMethods="0" />
              <MetadataToken>100663311</MetadataToken>
              <Name>System.Void &lt;&gt;f__AnonymousType2`3::.ctor(&lt;Provider&gt;j__TPar,&lt;ReturnUrl&gt;j__TPar,&lt;RememberMe&gt;j__TPar)</Name>
              <SequencePoints />
              <BranchPoints />
              <MethodPoint vc="0" uspid="15" ordinal="0" offset="0" />
            </Method>
            <Method visited="false" cyclomaticComplexity="4" nPathComplexity="0" sequenceCoverage="0" branchCoverage="0" isConstructor="false" isStatic="false" isGetter="false" isSetter="false">
              <Summary numSequencePoints="0" visitedSequencePoints="0" numBranchPoints="0" visitedBranchPoints="0" sequenceCoverage="0" branchCoverage="0" maxCyclomaticComplexity="4" minCyclomaticComplexity="4" visitedClasses="0" numClasses="0" visitedMethods="0" numMethods="0" />
              <MetadataToken>100663312</MetadataToken>
              <Name>System.Boolean &lt;&gt;f__AnonymousType2`3::Equals(System.Object)</Name>
              <SequencePoints />
              <BranchPoints />
              <MethodPoint vc="0" uspid="16" ordinal="0" offset="0" />
            </Method>
            <Method visited="false" cyclomaticComplexity="1" nPathComplexity="0" sequenceCoverage="0" branchCoverage="0" isConstructor="false" isStatic="false" isGetter="false" isSetter="false">
              <Summary numSequencePoints="0" visitedSequencePoints="0" numBranchPoints="0" visitedBranchPoints="0" sequenceCoverage="0" branchCoverage="0" maxCyclomaticComplexity="1" minCyclomaticComplexity="1" visitedClasses="0" numClasses="0" visitedMethods="0" numMethods="0" />
              <MetadataToken>100663313</MetadataToken>
              <Name>System.Int32 &lt;&gt;f__AnonymousType2`3::GetHashCode()</Name>
              <SequencePoints />
              <BranchPoints />
              <MethodPoint vc="0" uspid="17" ordinal="0" offset="0" />
            </Method>
            <Method visited="false" cyclomaticComplexity="10" nPathComplexity="0" sequenceCoverage="0" branchCoverage="0" isConstructor="false" isStatic="false" isGetter="false" isSetter="false">
              <Summary numSequencePoints="0" visitedSequencePoints="0" numBranchPoints="0" visitedBranchPoints="0" sequenceCoverage="0" branchCoverage="0" maxCyclomaticComplexity="10" minCyclomaticComplexity="10" visitedClasses="0" numClasses="0" visitedMethods="0" numMethods="0" />
              <MetadataToken>100663314</MetadataToken>
              <Name>System.String &lt;&gt;f__AnonymousType2`3::ToString()</Name>
              <SequencePoints />
              <BranchPoints />
              <MethodPoint vc="0" uspid="18" ordinal="0" offset="0" />
            </Method>
          </Methods>
        </Class>
        <Class>
          <Summary numSequencePoints="0" visitedSequencePoints="0" numBranchPoints="0" visitedBranchPoints="0" sequenceCoverage="0" branchCoverage="0" maxCyclomaticComplexity="4" minCyclomaticComplexity="1" visitedClasses="0" numClasses="0" visitedMethods="0" numMethods="0" />
          <FullName>&lt;&gt;f__AnonymousType3`1</FullName>
          <Methods>
            <Method visited="false" cyclomaticComplexity="1" nPathComplexity="0" sequenceCoverage="0" branchCoverage="0" isConstructor="false" isStatic="false" isGetter="true" isSetter="false">
              <Summary numSequencePoints="0" visitedSequencePoints="0" numBranchPoints="0" visitedBranchPoints="0" sequenceCoverage="0" branchCoverage="0" maxCyclomaticComplexity="1" minCyclomaticComplexity="1" visitedClasses="0" numClasses="0" visitedMethods="0" numMethods="0" />
              <MetadataToken>100663315</MetadataToken>
              <Name>&lt;Message&gt;j__TPar &lt;&gt;f__AnonymousType3`1::get_Message()</Name>
              <SequencePoints />
              <BranchPoints />
              <MethodPoint vc="0" uspid="19" ordinal="0" offset="0" />
            </Method>
            <Method visited="false" cyclomaticComplexity="1" nPathComplexity="0" sequenceCoverage="0" branchCoverage="0" isConstructor="true" isStatic="false" isGetter="false" isSetter="false">
              <Summary numSequencePoints="0" visitedSequencePoints="0" numBranchPoints="0" visitedBranchPoints="0" sequenceCoverage="0" branchCoverage="0" maxCyclomaticComplexity="1" minCyclomaticComplexity="1" visitedClasses="0" numClasses="0" visitedMethods="0" numMethods="0" />
              <MetadataToken>100663316</MetadataToken>
              <Name>System.Void &lt;&gt;f__AnonymousType3`1::.ctor(&lt;Message&gt;j__TPar)</Name>
              <SequencePoints />
              <BranchPoints />
              <MethodPoint vc="0" uspid="20" ordinal="0" offset="0" />
            </Method>
            <Method visited="false" cyclomaticComplexity="2" nPathComplexity="0" sequenceCoverage="0" branchCoverage="0" isConstructor="false" isStatic="false" isGetter="false" isSetter="false">
              <Summary numSequencePoints="0" visitedSequencePoints="0" numBranchPoints="0" visitedBranchPoints="0" sequenceCoverage="0" branchCoverage="0" maxCyclomaticComplexity="2" minCyclomaticComplexity="2" visitedClasses="0" numClasses="0" visitedMethods="0" numMethods="0" />
              <MetadataToken>100663317</MetadataToken>
              <Name>System.Boolean &lt;&gt;f__AnonymousType3`1::Equals(System.Object)</Name>
              <SequencePoints />
              <BranchPoints />
              <MethodPoint vc="0" uspid="21" ordinal="0" offset="0" />
            </Method>
            <Method visited="false" cyclomaticComplexity="1" nPathComplexity="0" sequenceCoverage="0" branchCoverage="0" isConstructor="false" isStatic="false" isGetter="false" isSetter="false">
              <Summary numSequencePoints="0" visitedSequencePoints="0" numBranchPoints="0" visitedBranchPoints="0" sequenceCoverage="0" branchCoverage="0" maxCyclomaticComplexity="1" minCyclomaticComplexity="1" visitedClasses="0" numClasses="0" visitedMethods="0" numMethods="0" />
              <MetadataToken>100663318</MetadataToken>
              <Name>System.Int32 &lt;&gt;f__AnonymousType3`1::GetHashCode()</Name>
              <SequencePoints />
              <BranchPoints />
              <MethodPoint vc="0" uspid="22" ordinal="0" offset="0" />
            </Method>
            <Method visited="false" cyclomaticComplexity="4" nPathComplexity="0" sequenceCoverage="0" branchCoverage="0" isConstructor="false" isStatic="false" isGetter="false" isSetter="false">
              <Summary numSequencePoints="0" visitedSequencePoints="0" numBranchPoints="0" visitedBranchPoints="0" sequenceCoverage="0" branchCoverage="0" maxCyclomaticComplexity="4" minCyclomaticComplexity="4" visitedClasses="0" numClasses="0" visitedMethods="0" numMethods="0" />
              <MetadataToken>100663319</MetadataToken>
              <Name>System.String &lt;&gt;f__AnonymousType3`1::ToString()</Name>
              <SequencePoints />
              <BranchPoints />
              <MethodPoint vc="0" uspid="23" ordinal="0" offset="0" />
            </Method>
          </Methods>
        </Class>
        <Class>
          <Summary numSequencePoints="0" visitedSequencePoints="0" numBranchPoints="0" visitedBranchPoints="0" sequenceCoverage="0" branchCoverage="0" maxCyclomaticComplexity="4" minCyclomaticComplexity="1" visitedClasses="0" numClasses="0" visitedMethods="0" numMethods="0" />
          <FullName>&lt;&gt;f__AnonymousType4`1</FullName>
          <Methods>
            <Method visited="false" cyclomaticComplexity="1" nPathComplexity="0" sequenceCoverage="0" branchCoverage="0" isConstructor="false" isStatic="false" isGetter="true" isSetter="false">
              <Summary numSequencePoints="0" visitedSequencePoints="0" numBranchPoints="0" visitedBranchPoints="0" sequenceCoverage="0" branchCoverage="0" maxCyclomaticComplexity="1" minCyclomaticComplexity="1" visitedClasses="0" numClasses="0" visitedMethods="0" numMethods="0" />
              <MetadataToken>100663320</MetadataToken>
              <Name>&lt;PhoneNumber&gt;j__TPar &lt;&gt;f__AnonymousType4`1::get_PhoneNumber()</Name>
              <SequencePoints />
              <BranchPoints />
              <MethodPoint vc="0" uspid="24" ordinal="0" offset="0" />
            </Method>
            <Method visited="false" cyclomaticComplexity="1" nPathComplexity="0" sequenceCoverage="0" branchCoverage="0" isConstructor="true" isStatic="false" isGetter="false" isSetter="false">
              <Summary numSequencePoints="0" visitedSequencePoints="0" numBranchPoints="0" visitedBranchPoints="0" sequenceCoverage="0" branchCoverage="0" maxCyclomaticComplexity="1" minCyclomaticComplexity="1" visitedClasses="0" numClasses="0" visitedMethods="0" numMethods="0" />
              <MetadataToken>100663321</MetadataToken>
              <Name>System.Void &lt;&gt;f__AnonymousType4`1::.ctor(&lt;PhoneNumber&gt;j__TPar)</Name>
              <SequencePoints />
              <BranchPoints />
              <MethodPoint vc="0" uspid="25" ordinal="0" offset="0" />
            </Method>
            <Method visited="false" cyclomaticComplexity="2" nPathComplexity="0" sequenceCoverage="0" branchCoverage="0" isConstructor="false" isStatic="false" isGetter="false" isSetter="false">
              <Summary numSequencePoints="0" visitedSequencePoints="0" numBranchPoints="0" visitedBranchPoints="0" sequenceCoverage="0" branchCoverage="0" maxCyclomaticComplexity="2" minCyclomaticComplexity="2" visitedClasses="0" numClasses="0" visitedMethods="0" numMethods="0" />
              <MetadataToken>100663322</MetadataToken>
              <Name>System.Boolean &lt;&gt;f__AnonymousType4`1::Equals(System.Object)</Name>
              <SequencePoints />
              <BranchPoints />
              <MethodPoint vc="0" uspid="26" ordinal="0" offset="0" />
            </Method>
            <Method visited="false" cyclomaticComplexity="1" nPathComplexity="0" sequenceCoverage="0" branchCoverage="0" isConstructor="false" isStatic="false" isGetter="false" isSetter="false">
              <Summary numSequencePoints="0" visitedSequencePoints="0" numBranchPoints="0" visitedBranchPoints="0" sequenceCoverage="0" branchCoverage="0" maxCyclomaticComplexity="1" minCyclomaticComplexity="1" visitedClasses="0" numClasses="0" visitedMethods="0" numMethods="0" />
              <MetadataToken>100663323</MetadataToken>
              <Name>System.Int32 &lt;&gt;f__AnonymousType4`1::GetHashCode()</Name>
              <SequencePoints />
              <BranchPoints />
              <MethodPoint vc="0" uspid="27" ordinal="0" offset="0" />
            </Method>
            <Method visited="false" cyclomaticComplexity="4" nPathComplexity="0" sequenceCoverage="0" branchCoverage="0" isConstructor="false" isStatic="false" isGetter="false" isSetter="false">
              <Summary numSequencePoints="0" visitedSequencePoints="0" numBranchPoints="0" visitedBranchPoints="0" sequenceCoverage="0" branchCoverage="0" maxCyclomaticComplexity="4" minCyclomaticComplexity="4" visitedClasses="0" numClasses="0" visitedMethods="0" numMethods="0" />
              <MetadataToken>100663324</MetadataToken>
              <Name>System.String &lt;&gt;f__AnonymousType4`1::ToString()</Name>
              <SequencePoints />
              <BranchPoints />
              <MethodPoint vc="0" uspid="28" ordinal="0" offset="0" />
            </Method>
          </Methods>
        </Class>
        <Class>
          <Summary numSequencePoints="0" visitedSequencePoints="0" numBranchPoints="0" visitedBranchPoints="0" sequenceCoverage="0" branchCoverage="0" maxCyclomaticComplexity="13" minCyclomaticComplexity="1" visitedClasses="0" numClasses="0" visitedMethods="0" numMethods="0" />
          <FullName>&lt;&gt;f__AnonymousType5`4</FullName>
          <Methods>
            <Method visited="false" cyclomaticComplexity="1" nPathComplexity="0" sequenceCoverage="0" branchCoverage="0" isConstructor="false" isStatic="false" isGetter="true" isSetter="false">
              <Summary numSequencePoints="0" visitedSequencePoints="0" numBranchPoints="0" visitedBranchPoints="0" sequenceCoverage="0" branchCoverage="0" maxCyclomaticComplexity="1" minCyclomaticComplexity="1" visitedClasses="0" numClasses="0" visitedMethods="0" numMethods="0" />
              <MetadataToken>100663325</MetadataToken>
              <Name>&lt;Id&gt;j__TPar &lt;&gt;f__AnonymousType5`4::get_Id()</Name>
              <SequencePoints />
              <BranchPoints />
              <MethodPoint vc="0" uspid="29" ordinal="0" offset="0" />
            </Method>
            <Method visited="false" cyclomaticComplexity="1" nPathComplexity="0" sequenceCoverage="0" branchCoverage="0" isConstructor="false" isStatic="false" isGetter="true" isSetter="false">
              <Summary numSequencePoints="0" visitedSequencePoints="0" numBranchPoints="0" visitedBranchPoints="0" sequenceCoverage="0" branchCoverage="0" maxCyclomaticComplexity="1" minCyclomaticComplexity="1" visitedClasses="0" numClasses="0" visitedMethods="0" numMethods="0" />
              <MetadataToken>100663326</MetadataToken>
              <Name>&lt;ConcurrencyStamp&gt;j__TPar &lt;&gt;f__AnonymousType5`4::get_ConcurrencyStamp()</Name>
              <SequencePoints />
              <BranchPoints />
              <MethodPoint vc="0" uspid="30" ordinal="0" offset="0" />
            </Method>
            <Method visited="false" cyclomaticComplexity="1" nPathComplexity="0" sequenceCoverage="0" branchCoverage="0" isConstructor="false" isStatic="false" isGetter="true" isSetter="false">
              <Summary numSequencePoints="0" visitedSequencePoints="0" numBranchPoints="0" visitedBranchPoints="0" sequenceCoverage="0" branchCoverage="0" maxCyclomaticComplexity="1" minCyclomaticComplexity="1" visitedClasses="0" numClasses="0" visitedMethods="0" numMethods="0" />
              <MetadataToken>100663327</MetadataToken>
              <Name>&lt;Name&gt;j__TPar &lt;&gt;f__AnonymousType5`4::get_Name()</Name>
              <SequencePoints />
              <BranchPoints />
              <MethodPoint vc="0" uspid="31" ordinal="0" offset="0" />
            </Method>
            <Method visited="false" cyclomaticComplexity="1" nPathComplexity="0" sequenceCoverage="0" branchCoverage="0" isConstructor="false" isStatic="false" isGetter="true" isSetter="false">
              <Summary numSequencePoints="0" visitedSequencePoints="0" numBranchPoints="0" visitedBranchPoints="0" sequenceCoverage="0" branchCoverage="0" maxCyclomaticComplexity="1" minCyclomaticComplexity="1" visitedClasses="0" numClasses="0" visitedMethods="0" numMethods="0" />
              <MetadataToken>100663328</MetadataToken>
              <Name>&lt;NormalizedName&gt;j__TPar &lt;&gt;f__AnonymousType5`4::get_NormalizedName()</Name>
              <SequencePoints />
              <BranchPoints />
              <MethodPoint vc="0" uspid="32" ordinal="0" offset="0" />
            </Method>
            <Method visited="false" cyclomaticComplexity="1" nPathComplexity="0" sequenceCoverage="0" branchCoverage="0" isConstructor="true" isStatic="false" isGetter="false" isSetter="false">
              <Summary numSequencePoints="0" visitedSequencePoints="0" numBranchPoints="0" visitedBranchPoints="0" sequenceCoverage="0" branchCoverage="0" maxCyclomaticComplexity="1" minCyclomaticComplexity="1" visitedClasses="0" numClasses="0" visitedMethods="0" numMethods="0" />
              <MetadataToken>100663329</MetadataToken>
              <Name>System.Void &lt;&gt;f__AnonymousType5`4::.ctor(&lt;Id&gt;j__TPar,&lt;ConcurrencyStamp&gt;j__TPar,&lt;Name&gt;j__TPar,&lt;NormalizedName&gt;j__TPar)</Name>
              <SequencePoints />
              <BranchPoints />
              <MethodPoint vc="0" uspid="33" ordinal="0" offset="0" />
            </Method>
            <Method visited="false" cyclomaticComplexity="5" nPathComplexity="0" sequenceCoverage="0" branchCoverage="0" isConstructor="false" isStatic="false" isGetter="false" isSetter="false">
              <Summary numSequencePoints="0" visitedSequencePoints="0" numBranchPoints="0" visitedBranchPoints="0" sequenceCoverage="0" branchCoverage="0" maxCyclomaticComplexity="5" minCyclomaticComplexity="5" visitedClasses="0" numClasses="0" visitedMethods="0" numMethods="0" />
              <MetadataToken>100663330</MetadataToken>
              <Name>System.Boolean &lt;&gt;f__AnonymousType5`4::Equals(System.Object)</Name>
              <SequencePoints />
              <BranchPoints />
              <MethodPoint vc="0" uspid="34" ordinal="0" offset="0" />
            </Method>
            <Method visited="false" cyclomaticComplexity="1" nPathComplexity="0" sequenceCoverage="0" branchCoverage="0" isConstructor="false" isStatic="false" isGetter="false" isSetter="false">
              <Summary numSequencePoints="0" visitedSequencePoints="0" numBranchPoints="0" visitedBranchPoints="0" sequenceCoverage="0" branchCoverage="0" maxCyclomaticComplexity="1" minCyclomaticComplexity="1" visitedClasses="0" numClasses="0" visitedMethods="0" numMethods="0" />
              <MetadataToken>100663331</MetadataToken>
              <Name>System.Int32 &lt;&gt;f__AnonymousType5`4::GetHashCode()</Name>
              <SequencePoints />
              <BranchPoints />
              <MethodPoint vc="0" uspid="35" ordinal="0" offset="0" />
            </Method>
            <Method visited="false" cyclomaticComplexity="13" nPathComplexity="0" sequenceCoverage="0" branchCoverage="0" isConstructor="false" isStatic="false" isGetter="false" isSetter="false">
              <Summary numSequencePoints="0" visitedSequencePoints="0" numBranchPoints="0" visitedBranchPoints="0" sequenceCoverage="0" branchCoverage="0" maxCyclomaticComplexity="13" minCyclomaticComplexity="13" visitedClasses="0" numClasses="0" visitedMethods="0" numMethods="0" />
              <MetadataToken>100663332</MetadataToken>
              <Name>System.String &lt;&gt;f__AnonymousType5`4::ToString()</Name>
              <SequencePoints />
              <BranchPoints />
              <MethodPoint vc="0" uspid="36" ordinal="0" offset="0" />
            </Method>
          </Methods>
        </Class>
        <Class>
          <Summary numSequencePoints="0" visitedSequencePoints="0" numBranchPoints="0" visitedBranchPoints="0" sequenceCoverage="0" branchCoverage="0" maxCyclomaticComplexity="46" minCyclomaticComplexity="1" visitedClasses="0" numClasses="0" visitedMethods="0" numMethods="0" />
          <FullName>&lt;&gt;f__AnonymousType6`15</FullName>
          <Methods>
            <Method visited="false" cyclomaticComplexity="1" nPathComplexity="0" sequenceCoverage="0" branchCoverage="0" isConstructor="false" isStatic="false" isGetter="true" isSetter="false">
              <Summary numSequencePoints="0" visitedSequencePoints="0" numBranchPoints="0" visitedBranchPoints="0" sequenceCoverage="0" branchCoverage="0" maxCyclomaticComplexity="1" minCyclomaticComplexity="1" visitedClasses="0" numClasses="0" visitedMethods="0" numMethods="0" />
              <MetadataToken>100663333</MetadataToken>
              <Name>&lt;Id&gt;j__TPar &lt;&gt;f__AnonymousType6`15::get_Id()</Name>
              <SequencePoints />
              <BranchPoints />
              <MethodPoint vc="0" uspid="37" ordinal="0" offset="0" />
            </Method>
            <Method visited="false" cyclomaticComplexity="1" nPathComplexity="0" sequenceCoverage="0" branchCoverage="0" isConstructor="false" isStatic="false" isGetter="true" isSetter="false">
              <Summary numSequencePoints="0" visitedSequencePoints="0" numBranchPoints="0" visitedBranchPoints="0" sequenceCoverage="0" branchCoverage="0" maxCyclomaticComplexity="1" minCyclomaticComplexity="1" visitedClasses="0" numClasses="0" visitedMethods="0" numMethods="0" />
              <MetadataToken>100663334</MetadataToken>
              <Name>&lt;AccessFailedCount&gt;j__TPar &lt;&gt;f__AnonymousType6`15::get_AccessFailedCount()</Name>
              <SequencePoints />
              <BranchPoints />
              <MethodPoint vc="0" uspid="38" ordinal="0" offset="0" />
            </Method>
            <Method visited="false" cyclomaticComplexity="1" nPathComplexity="0" sequenceCoverage="0" branchCoverage="0" isConstructor="false" isStatic="false" isGetter="true" isSetter="false">
              <Summary numSequencePoints="0" visitedSequencePoints="0" numBranchPoints="0" visitedBranchPoints="0" sequenceCoverage="0" branchCoverage="0" maxCyclomaticComplexity="1" minCyclomaticComplexity="1" visitedClasses="0" numClasses="0" visitedMethods="0" numMethods="0" />
              <MetadataToken>100663335</MetadataToken>
              <Name>&lt;ConcurrencyStamp&gt;j__TPar &lt;&gt;f__AnonymousType6`15::get_ConcurrencyStamp()</Name>
              <SequencePoints />
              <BranchPoints />
              <MethodPoint vc="0" uspid="39" ordinal="0" offset="0" />
            </Method>
            <Method visited="false" cyclomaticComplexity="1" nPathComplexity="0" sequenceCoverage="0" branchCoverage="0" isConstructor="false" isStatic="false" isGetter="true" isSetter="false">
              <Summary numSequencePoints="0" visitedSequencePoints="0" numBranchPoints="0" visitedBranchPoints="0" sequenceCoverage="0" branchCoverage="0" maxCyclomaticComplexity="1" minCyclomaticComplexity="1" visitedClasses="0" numClasses="0" visitedMethods="0" numMethods="0" />
              <MetadataToken>100663336</MetadataToken>
              <Name>&lt;Email&gt;j__TPar &lt;&gt;f__AnonymousType6`15::get_Email()</Name>
              <SequencePoints />
              <BranchPoints />
              <MethodPoint vc="0" uspid="40" ordinal="0" offset="0" />
            </Method>
            <Method visited="false" cyclomaticComplexity="1" nPathComplexity="0" sequenceCoverage="0" branchCoverage="0" isConstructor="false" isStatic="false" isGetter="true" isSetter="false">
              <Summary numSequencePoints="0" visitedSequencePoints="0" numBranchPoints="0" visitedBranchPoints="0" sequenceCoverage="0" branchCoverage="0" maxCyclomaticComplexity="1" minCyclomaticComplexity="1" visitedClasses="0" numClasses="0" visitedMethods="0" numMethods="0" />
              <MetadataToken>100663337</MetadataToken>
              <Name>&lt;EmailConfirmed&gt;j__TPar &lt;&gt;f__AnonymousType6`15::get_EmailConfirmed()</Name>
              <SequencePoints />
              <BranchPoints />
              <MethodPoint vc="0" uspid="41" ordinal="0" offset="0" />
            </Method>
            <Method visited="false" cyclomaticComplexity="1" nPathComplexity="0" sequenceCoverage="0" branchCoverage="0" isConstructor="false" isStatic="false" isGetter="true" isSetter="false">
              <Summary numSequencePoints="0" visitedSequencePoints="0" numBranchPoints="0" visitedBranchPoints="0" sequenceCoverage="0" branchCoverage="0" maxCyclomaticComplexity="1" minCyclomaticComplexity="1" visitedClasses="0" numClasses="0" visitedMethods="0" numMethods="0" />
              <MetadataToken>100663338</MetadataToken>
              <Name>&lt;LockoutEnabled&gt;j__TPar &lt;&gt;f__AnonymousType6`15::get_LockoutEnabled()</Name>
              <SequencePoints />
              <BranchPoints />
              <MethodPoint vc="0" uspid="42" ordinal="0" offset="0" />
            </Method>
            <Method visited="false" cyclomaticComplexity="1" nPathComplexity="0" sequenceCoverage="0" branchCoverage="0" isConstructor="false" isStatic="false" isGetter="true" isSetter="false">
              <Summary numSequencePoints="0" visitedSequencePoints="0" numBranchPoints="0" visitedBranchPoints="0" sequenceCoverage="0" branchCoverage="0" maxCyclomaticComplexity="1" minCyclomaticComplexity="1" visitedClasses="0" numClasses="0" visitedMethods="0" numMethods="0" />
              <MetadataToken>100663339</MetadataToken>
              <Name>&lt;LockoutEnd&gt;j__TPar &lt;&gt;f__AnonymousType6`15::get_LockoutEnd()</Name>
              <SequencePoints />
              <BranchPoints />
              <MethodPoint vc="0" uspid="43" ordinal="0" offset="0" />
            </Method>
            <Method visited="false" cyclomaticComplexity="1" nPathComplexity="0" sequenceCoverage="0" branchCoverage="0" isConstructor="false" isStatic="false" isGetter="true" isSetter="false">
              <Summary numSequencePoints="0" visitedSequencePoints="0" numBranchPoints="0" visitedBranchPoints="0" sequenceCoverage="0" branchCoverage="0" maxCyclomaticComplexity="1" minCyclomaticComplexity="1" visitedClasses="0" numClasses="0" visitedMethods="0" numMethods="0" />
              <MetadataToken>100663340</MetadataToken>
              <Name>&lt;NormalizedEmail&gt;j__TPar &lt;&gt;f__AnonymousType6`15::get_NormalizedEmail()</Name>
              <SequencePoints />
              <BranchPoints />
              <MethodPoint vc="0" uspid="44" ordinal="0" offset="0" />
            </Method>
            <Method visited="false" cyclomaticComplexity="1" nPathComplexity="0" sequenceCoverage="0" branchCoverage="0" isConstructor="false" isStatic="false" isGetter="true" isSetter="false">
              <Summary numSequencePoints="0" visitedSequencePoints="0" numBranchPoints="0" visitedBranchPoints="0" sequenceCoverage="0" branchCoverage="0" maxCyclomaticComplexity="1" minCyclomaticComplexity="1" visitedClasses="0" numClasses="0" visitedMethods="0" numMethods="0" />
              <MetadataToken>100663341</MetadataToken>
              <Name>&lt;NormalizedUserName&gt;j__TPar &lt;&gt;f__AnonymousType6`15::get_NormalizedUserName()</Name>
              <SequencePoints />
              <BranchPoints />
              <MethodPoint vc="0" uspid="45" ordinal="0" offset="0" />
            </Method>
            <Method visited="false" cyclomaticComplexity="1" nPathComplexity="0" sequenceCoverage="0" branchCoverage="0" isConstructor="false" isStatic="false" isGetter="true" isSetter="false">
              <Summary numSequencePoints="0" visitedSequencePoints="0" numBranchPoints="0" visitedBranchPoints="0" sequenceCoverage="0" branchCoverage="0" maxCyclomaticComplexity="1" minCyclomaticComplexity="1" visitedClasses="0" numClasses="0" visitedMethods="0" numMethods="0" />
              <MetadataToken>100663342</MetadataToken>
              <Name>&lt;PasswordHash&gt;j__TPar &lt;&gt;f__AnonymousType6`15::get_PasswordHash()</Name>
              <SequencePoints />
              <BranchPoints />
              <MethodPoint vc="0" uspid="46" ordinal="0" offset="0" />
            </Method>
            <Method visited="false" cyclomaticComplexity="1" nPathComplexity="0" sequenceCoverage="0" branchCoverage="0" isConstructor="false" isStatic="false" isGetter="true" isSetter="false">
              <Summary numSequencePoints="0" visitedSequencePoints="0" numBranchPoints="0" visitedBranchPoints="0" sequenceCoverage="0" branchCoverage="0" maxCyclomaticComplexity="1" minCyclomaticComplexity="1" visitedClasses="0" numClasses="0" visitedMethods="0" numMethods="0" />
              <MetadataToken>100663343</MetadataToken>
              <Name>&lt;PhoneNumber&gt;j__TPar &lt;&gt;f__AnonymousType6`15::get_PhoneNumber()</Name>
              <SequencePoints />
              <BranchPoints />
              <MethodPoint vc="0" uspid="47" ordinal="0" offset="0" />
            </Method>
            <Method visited="false" cyclomaticComplexity="1" nPathComplexity="0" sequenceCoverage="0" branchCoverage="0" isConstructor="false" isStatic="false" isGetter="true" isSetter="false">
              <Summary numSequencePoints="0" visitedSequencePoints="0" numBranchPoints="0" visitedBranchPoints="0" sequenceCoverage="0" branchCoverage="0" maxCyclomaticComplexity="1" minCyclomaticComplexity="1" visitedClasses="0" numClasses="0" visitedMethods="0" numMethods="0" />
              <MetadataToken>100663344</MetadataToken>
              <Name>&lt;PhoneNumberConfirmed&gt;j__TPar &lt;&gt;f__AnonymousType6`15::get_PhoneNumberConfirmed()</Name>
              <SequencePoints />
              <BranchPoints />
              <MethodPoint vc="0" uspid="48" ordinal="0" offset="0" />
            </Method>
            <Method visited="false" cyclomaticComplexity="1" nPathComplexity="0" sequenceCoverage="0" branchCoverage="0" isConstructor="false" isStatic="false" isGetter="true" isSetter="false">
              <Summary numSequencePoints="0" visitedSequencePoints="0" numBranchPoints="0" visitedBranchPoints="0" sequenceCoverage="0" branchCoverage="0" maxCyclomaticComplexity="1" minCyclomaticComplexity="1" visitedClasses="0" numClasses="0" visitedMethods="0" numMethods="0" />
              <MetadataToken>100663345</MetadataToken>
              <Name>&lt;SecurityStamp&gt;j__TPar &lt;&gt;f__AnonymousType6`15::get_SecurityStamp()</Name>
              <SequencePoints />
              <BranchPoints />
              <MethodPoint vc="0" uspid="49" ordinal="0" offset="0" />
            </Method>
            <Method visited="false" cyclomaticComplexity="1" nPathComplexity="0" sequenceCoverage="0" branchCoverage="0" isConstructor="false" isStatic="false" isGetter="true" isSetter="false">
              <Summary numSequencePoints="0" visitedSequencePoints="0" numBranchPoints="0" visitedBranchPoints="0" sequenceCoverage="0" branchCoverage="0" maxCyclomaticComplexity="1" minCyclomaticComplexity="1" visitedClasses="0" numClasses="0" visitedMethods="0" numMethods="0" />
              <MetadataToken>100663346</MetadataToken>
              <Name>&lt;TwoFactorEnabled&gt;j__TPar &lt;&gt;f__AnonymousType6`15::get_TwoFactorEnabled()</Name>
              <SequencePoints />
              <BranchPoints />
              <MethodPoint vc="0" uspid="50" ordinal="0" offset="0" />
            </Method>
            <Method visited="false" cyclomaticComplexity="1" nPathComplexity="0" sequenceCoverage="0" branchCoverage="0" isConstructor="false" isStatic="false" isGetter="true" isSetter="false">
              <Summary numSequencePoints="0" visitedSequencePoints="0" numBranchPoints="0" visitedBranchPoints="0" sequenceCoverage="0" branchCoverage="0" maxCyclomaticComplexity="1" minCyclomaticComplexity="1" visitedClasses="0" numClasses="0" visitedMethods="0" numMethods="0" />
              <MetadataToken>100663347</MetadataToken>
              <Name>&lt;UserName&gt;j__TPar &lt;&gt;f__AnonymousType6`15::get_UserName()</Name>
              <SequencePoints />
              <BranchPoints />
              <MethodPoint vc="0" uspid="51" ordinal="0" offset="0" />
            </Method>
            <Method visited="false" cyclomaticComplexity="1" nPathComplexity="0" sequenceCoverage="0" branchCoverage="0" isConstructor="true" isStatic="false" isGetter="false" isSetter="false">
              <Summary numSequencePoints="0" visitedSequencePoints="0" numBranchPoints="0" visitedBranchPoints="0" sequenceCoverage="0" branchCoverage="0" maxCyclomaticComplexity="1" minCyclomaticComplexity="1" visitedClasses="0" numClasses="0" visitedMethods="0" numMethods="0" />
              <MetadataToken>100663348</MetadataToken>
              <Name>System.Void &lt;&gt;f__AnonymousType6`15::.ctor(&lt;Id&gt;j__TPar,&lt;AccessFailedCount&gt;j__TPar,&lt;ConcurrencyStamp&gt;j__TPar,&lt;Email&gt;j__TPar,&lt;EmailConfirmed&gt;j__TPar,&lt;LockoutEnabled&gt;j__TPar,&lt;LockoutEnd&gt;j__TPar,&lt;NormalizedEmail&gt;j__TPar,&lt;NormalizedUserName&gt;j__TPar,&lt;PasswordHash&gt;j__TPar,&lt;PhoneNumber&gt;j__TPar,&lt;PhoneNumberConfirmed&gt;j__TPar,&lt;SecurityStamp&gt;j__TPar,&lt;TwoFactorEnabled&gt;j__TPar,&lt;UserName&gt;j__TPar)</Name>
              <SequencePoints />
              <BranchPoints />
              <MethodPoint vc="0" uspid="52" ordinal="0" offset="0" />
            </Method>
            <Method visited="false" cyclomaticComplexity="16" nPathComplexity="0" sequenceCoverage="0" branchCoverage="0" isConstructor="false" isStatic="false" isGetter="false" isSetter="false">
              <Summary numSequencePoints="0" visitedSequencePoints="0" numBranchPoints="0" visitedBranchPoints="0" sequenceCoverage="0" branchCoverage="0" maxCyclomaticComplexity="16" minCyclomaticComplexity="16" visitedClasses="0" numClasses="0" visitedMethods="0" numMethods="0" />
              <MetadataToken>100663349</MetadataToken>
              <Name>System.Boolean &lt;&gt;f__AnonymousType6`15::Equals(System.Object)</Name>
              <SequencePoints />
              <BranchPoints />
              <MethodPoint vc="0" uspid="53" ordinal="0" offset="0" />
            </Method>
            <Method visited="false" cyclomaticComplexity="1" nPathComplexity="0" sequenceCoverage="0" branchCoverage="0" isConstructor="false" isStatic="false" isGetter="false" isSetter="false">
              <Summary numSequencePoints="0" visitedSequencePoints="0" numBranchPoints="0" visitedBranchPoints="0" sequenceCoverage="0" branchCoverage="0" maxCyclomaticComplexity="1" minCyclomaticComplexity="1" visitedClasses="0" numClasses="0" visitedMethods="0" numMethods="0" />
              <MetadataToken>100663350</MetadataToken>
              <Name>System.Int32 &lt;&gt;f__AnonymousType6`15::GetHashCode()</Name>
              <SequencePoints />
              <BranchPoints />
              <MethodPoint vc="0" uspid="54" ordinal="0" offset="0" />
            </Method>
            <Method visited="false" cyclomaticComplexity="46" nPathComplexity="0" sequenceCoverage="0" branchCoverage="0" isConstructor="false" isStatic="false" isGetter="false" isSetter="false">
              <Summary numSequencePoints="0" visitedSequencePoints="0" numBranchPoints="0" visitedBranchPoints="0" sequenceCoverage="0" branchCoverage="0" maxCyclomaticComplexity="46" minCyclomaticComplexity="46" visitedClasses="0" numClasses="0" visitedMethods="0" numMethods="0" />
              <MetadataToken>100663351</MetadataToken>
              <Name>System.String &lt;&gt;f__AnonymousType6`15::ToString()</Name>
              <SequencePoints />
              <BranchPoints />
              <MethodPoint vc="0" uspid="55" ordinal="0" offset="0" />
            </Method>
          </Methods>
        </Class>
        <Class>
          <Summary numSequencePoints="0" visitedSequencePoints="0" numBranchPoints="0" visitedBranchPoints="0" sequenceCoverage="0" branchCoverage="0" maxCyclomaticComplexity="13" minCyclomaticComplexity="1" visitedClasses="0" numClasses="0" visitedMethods="0" numMethods="0" />
          <FullName>&lt;&gt;f__AnonymousType7`4</FullName>
          <Methods>
            <Method visited="false" cyclomaticComplexity="1" nPathComplexity="0" sequenceCoverage="0" branchCoverage="0" isConstructor="false" isStatic="false" isGetter="true" isSetter="false">
              <Summary numSequencePoints="0" visitedSequencePoints="0" numBranchPoints="0" visitedBranchPoints="0" sequenceCoverage="0" branchCoverage="0" maxCyclomaticComplexity="1" minCyclomaticComplexity="1" visitedClasses="0" numClasses="0" visitedMethods="0" numMethods="0" />
              <MetadataToken>100663352</MetadataToken>
              <Name>&lt;Id&gt;j__TPar &lt;&gt;f__AnonymousType7`4::get_Id()</Name>
              <SequencePoints />
              <BranchPoints />
              <MethodPoint vc="0" uspid="56" ordinal="0" offset="0" />
            </Method>
            <Method visited="false" cyclomaticComplexity="1" nPathComplexity="0" sequenceCoverage="0" branchCoverage="0" isConstructor="false" isStatic="false" isGetter="true" isSetter="false">
              <Summary numSequencePoints="0" visitedSequencePoints="0" numBranchPoints="0" visitedBranchPoints="0" sequenceCoverage="0" branchCoverage="0" maxCyclomaticComplexity="1" minCyclomaticComplexity="1" visitedClasses="0" numClasses="0" visitedMethods="0" numMethods="0" />
              <MetadataToken>100663353</MetadataToken>
              <Name>&lt;ClaimType&gt;j__TPar &lt;&gt;f__AnonymousType7`4::get_ClaimType()</Name>
              <SequencePoints />
              <BranchPoints />
              <MethodPoint vc="0" uspid="57" ordinal="0" offset="0" />
            </Method>
            <Method visited="false" cyclomaticComplexity="1" nPathComplexity="0" sequenceCoverage="0" branchCoverage="0" isConstructor="false" isStatic="false" isGetter="true" isSetter="false">
              <Summary numSequencePoints="0" visitedSequencePoints="0" numBranchPoints="0" visitedBranchPoints="0" sequenceCoverage="0" branchCoverage="0" maxCyclomaticComplexity="1" minCyclomaticComplexity="1" visitedClasses="0" numClasses="0" visitedMethods="0" numMethods="0" />
              <MetadataToken>100663354</MetadataToken>
              <Name>&lt;ClaimValue&gt;j__TPar &lt;&gt;f__AnonymousType7`4::get_ClaimValue()</Name>
              <SequencePoints />
              <BranchPoints />
              <MethodPoint vc="0" uspid="58" ordinal="0" offset="0" />
            </Method>
            <Method visited="false" cyclomaticComplexity="1" nPathComplexity="0" sequenceCoverage="0" branchCoverage="0" isConstructor="false" isStatic="false" isGetter="true" isSetter="false">
              <Summary numSequencePoints="0" visitedSequencePoints="0" numBranchPoints="0" visitedBranchPoints="0" sequenceCoverage="0" branchCoverage="0" maxCyclomaticComplexity="1" minCyclomaticComplexity="1" visitedClasses="0" numClasses="0" visitedMethods="0" numMethods="0" />
              <MetadataToken>100663355</MetadataToken>
              <Name>&lt;RoleId&gt;j__TPar &lt;&gt;f__AnonymousType7`4::get_RoleId()</Name>
              <SequencePoints />
              <BranchPoints />
              <MethodPoint vc="0" uspid="59" ordinal="0" offset="0" />
            </Method>
            <Method visited="false" cyclomaticComplexity="1" nPathComplexity="0" sequenceCoverage="0" branchCoverage="0" isConstructor="true" isStatic="false" isGetter="false" isSetter="false">
              <Summary numSequencePoints="0" visitedSequencePoints="0" numBranchPoints="0" visitedBranchPoints="0" sequenceCoverage="0" branchCoverage="0" maxCyclomaticComplexity="1" minCyclomaticComplexity="1" visitedClasses="0" numClasses="0" visitedMethods="0" numMethods="0" />
              <MetadataToken>100663356</MetadataToken>
              <Name>System.Void &lt;&gt;f__AnonymousType7`4::.ctor(&lt;Id&gt;j__TPar,&lt;ClaimType&gt;j__TPar,&lt;ClaimValue&gt;j__TPar,&lt;RoleId&gt;j__TPar)</Name>
              <SequencePoints />
              <BranchPoints />
              <MethodPoint vc="0" uspid="60" ordinal="0" offset="0" />
            </Method>
            <Method visited="false" cyclomaticComplexity="5" nPathComplexity="0" sequenceCoverage="0" branchCoverage="0" isConstructor="false" isStatic="false" isGetter="false" isSetter="false">
              <Summary numSequencePoints="0" visitedSequencePoints="0" numBranchPoints="0" visitedBranchPoints="0" sequenceCoverage="0" branchCoverage="0" maxCyclomaticComplexity="5" minCyclomaticComplexity="5" visitedClasses="0" numClasses="0" visitedMethods="0" numMethods="0" />
              <MetadataToken>100663357</MetadataToken>
              <Name>System.Boolean &lt;&gt;f__AnonymousType7`4::Equals(System.Object)</Name>
              <SequencePoints />
              <BranchPoints />
              <MethodPoint vc="0" uspid="61" ordinal="0" offset="0" />
            </Method>
            <Method visited="false" cyclomaticComplexity="1" nPathComplexity="0" sequenceCoverage="0" branchCoverage="0" isConstructor="false" isStatic="false" isGetter="false" isSetter="false">
              <Summary numSequencePoints="0" visitedSequencePoints="0" numBranchPoints="0" visitedBranchPoints="0" sequenceCoverage="0" branchCoverage="0" maxCyclomaticComplexity="1" minCyclomaticComplexity="1" visitedClasses="0" numClasses="0" visitedMethods="0" numMethods="0" />
              <MetadataToken>100663358</MetadataToken>
              <Name>System.Int32 &lt;&gt;f__AnonymousType7`4::GetHashCode()</Name>
              <SequencePoints />
              <BranchPoints />
              <MethodPoint vc="0" uspid="62" ordinal="0" offset="0" />
            </Method>
            <Method visited="false" cyclomaticComplexity="13" nPathComplexity="0" sequenceCoverage="0" branchCoverage="0" isConstructor="false" isStatic="false" isGetter="false" isSetter="false">
              <Summary numSequencePoints="0" visitedSequencePoints="0" numBranchPoints="0" visitedBranchPoints="0" sequenceCoverage="0" branchCoverage="0" maxCyclomaticComplexity="13" minCyclomaticComplexity="13" visitedClasses="0" numClasses="0" visitedMethods="0" numMethods="0" />
              <MetadataToken>100663359</MetadataToken>
              <Name>System.String &lt;&gt;f__AnonymousType7`4::ToString()</Name>
              <SequencePoints />
              <BranchPoints />
              <MethodPoint vc="0" uspid="63" ordinal="0" offset="0" />
            </Method>
          </Methods>
        </Class>
        <Class>
          <Summary numSequencePoints="0" visitedSequencePoints="0" numBranchPoints="0" visitedBranchPoints="0" sequenceCoverage="0" branchCoverage="0" maxCyclomaticComplexity="13" minCyclomaticComplexity="1" visitedClasses="0" numClasses="0" visitedMethods="0" numMethods="0" />
          <FullName>&lt;&gt;f__AnonymousType8`4</FullName>
          <Methods>
            <Method visited="false" cyclomaticComplexity="1" nPathComplexity="0" sequenceCoverage="0" branchCoverage="0" isConstructor="false" isStatic="false" isGetter="true" isSetter="false">
              <Summary numSequencePoints="0" visitedSequencePoints="0" numBranchPoints="0" visitedBranchPoints="0" sequenceCoverage="0" branchCoverage="0" maxCyclomaticComplexity="1" minCyclomaticComplexity="1" visitedClasses="0" numClasses="0" visitedMethods="0" numMethods="0" />
              <MetadataToken>100663360</MetadataToken>
              <Name>&lt;Id&gt;j__TPar &lt;&gt;f__AnonymousType8`4::get_Id()</Name>
              <SequencePoints />
              <BranchPoints />
              <MethodPoint vc="0" uspid="64" ordinal="0" offset="0" />
[...]
              <Name>System.Void EmployeeWebApi.Controllers.ManageController/&lt;&gt;c__DisplayClass19_1::.ctor()</Name>
              <SequencePoints />
              <BranchPoints />
              <MethodPoint vc="0" uspid="1550" ordinal="0" offset="0" />
            </Method>
            <Method visited="false" cyclomaticComplexity="1" nPathComplexity="0" sequenceCoverage="0" branchCoverage="0" isConstructor="false" isStatic="false" isGetter="false" isSetter="false">
              <Summary numSequencePoints="1" visitedSequencePoints="0" numBranchPoints="1" visitedBranchPoints="0" sequenceCoverage="0" branchCoverage="0" maxCyclomaticComplexity="1" minCyclomaticComplexity="1" visitedClasses="0" numClasses="0" visitedMethods="0" numMethods="1" />
              <MetadataToken>100663736</MetadataToken>
              <Name>System.Boolean EmployeeWebApi.Controllers.ManageController/&lt;&gt;c__DisplayClass19_1::&lt;ManageLogins&gt;b__1(Microsoft.AspNet.Identity.UserLoginInfo)</Name>
              <FileRef uid="53" />
              <SequencePoints>
                <SequencePoint vc="0" uspid="1551" ordinal="0" offset="0" sl="278" sc="116" el="278" ec="161" bec="0" bev="0" fileid="53" />
              </SequencePoints>
              <BranchPoints />
              <MethodPoint xsi:type="SequencePoint" vc="0" uspid="1551" ordinal="0" offset="0" sl="278" sc="116" el="278" ec="161" bec="0" bev="0" fileid="53" />
            </Method>
          </Methods>
        </Class>
        <Class>
          <Summary numSequencePoints="10" visitedSequencePoints="0" numBranchPoints="11" visitedBranchPoints="0" sequenceCoverage="0" branchCoverage="0" maxCyclomaticComplexity="19" minCyclomaticComplexity="1" visitedClasses="0" numClasses="1" visitedMethods="0" numMethods="1" />
          <FullName>EmployeeWebApi.Controllers.ManageController/&lt;ManageLogins&gt;d__19</FullName>
          <Methods>
            <Method visited="false" cyclomaticComplexity="1" nPathComplexity="0" sequenceCoverage="0" branchCoverage="0" isConstructor="true" isStatic="false" isGetter="false" isSetter="false">
              <Summary numSequencePoints="0" visitedSequencePoints="0" numBranchPoints="0" visitedBranchPoints="0" sequenceCoverage="0" branchCoverage="0" maxCyclomaticComplexity="1" minCyclomaticComplexity="1" visitedClasses="0" numClasses="0" visitedMethods="0" numMethods="0" />
              <MetadataToken>100663737</MetadataToken>
              <Name>System.Void EmployeeWebApi.Controllers.ManageController/&lt;ManageLogins&gt;d__19::.ctor()</Name>
              <SequencePoints />
              <BranchPoints />
              <MethodPoint vc="0" uspid="1552" ordinal="0" offset="0" />
            </Method>
            <Method visited="false" cyclomaticComplexity="19" nPathComplexity="32" sequenceCoverage="0" branchCoverage="0" isConstructor="false" isStatic="false" isGetter="false" isSetter="false">
              <Summary numSequencePoints="10" visitedSequencePoints="0" numBranchPoints="11" visitedBranchPoints="0" sequenceCoverage="0" branchCoverage="0" maxCyclomaticComplexity="19" minCyclomaticComplexity="19" visitedClasses="0" numClasses="0" visitedMethods="0" numMethods="1" />
              <MetadataToken>100663738</MetadataToken>
              <Name>System.Void EmployeeWebApi.Controllers.ManageController/&lt;ManageLogins&gt;d__19::MoveNext()</Name>
              <FileRef uid="53" />
              <SequencePoints>
                <SequencePoint vc="0" uspid="1553" ordinal="0" offset="39" sl="266" sc="9" el="266" ec="10" bec="0" bev="0" fileid="53" />
                <SequencePoint vc="0" uspid="1554" ordinal="1" offset="40" sl="267" sc="13" el="271" ec="22" bec="8" bev="0" fileid="53" />
                <SequencePoint vc="0" uspid="1555" ordinal="2" offset="181" sl="272" sc="13" el="272" ec="52" bec="0" bev="0" fileid="53" />
                <SequencePoint vc="0" uspid="1556" ordinal="3" offset="322" sl="273" sc="13" el="273" ec="30" bec="2" bev="0" fileid="53" />
                <SequencePoint vc="0" uspid="1557" ordinal="4" offset="337" sl="274" sc="13" el="274" ec="14" bec="0" bev="0" fileid="53" />
                <SequencePoint vc="0" uspid="1558" ordinal="5" offset="338" sl="275" sc="17" el="275" ec="38" bec="0" bev="0" fileid="53" />
                <SequencePoint vc="0" uspid="1559" ordinal="6" offset="360" sl="277" sc="13" el="277" ec="70" bec="0" bev="0" fileid="53" />
                <SequencePoint vc="0" uspid="1560" ordinal="7" offset="548" sl="278" sc="13" el="278" ec="173" bec="0" bev="0" fileid="53" />
                <SequencePoint vc="0" uspid="1561" ordinal="8" offset="597" sl="279" sc="13" el="279" ec="94" bec="0" bev="0" fileid="53" />
                <SequencePoint vc="0" uspid="1562" ordinal="9" offset="659" sl="280" sc="13" el="284" ec="16" bec="0" bev="0" fileid="53" />
              </SequencePoints>
              <BranchPoints>
                <BranchPoint vc="0" uspid="1566" ordinal="2" offset="73" sl="267" path="0" offsetend="75" fileid="53" />
                <BranchPoint vc="0" uspid="1567" ordinal="3" offset="73" sl="267" path="1" offsetend="78" fileid="53" />
                <BranchPoint vc="0" uspid="1570" ordinal="6" offset="104" sl="267" path="0" offsetend="106" fileid="53" />
                <BranchPoint vc="0" uspid="1571" ordinal="7" offset="104" sl="267" path="1" offsetend="109" fileid="53" />
                <BranchPoint vc="0" uspid="1574" ordinal="10" offset="135" sl="267" path="0" offsetend="137" fileid="53" />
                <BranchPoint vc="0" uspid="1575" ordinal="11" offset="135" sl="267" path="1" offsetend="140" fileid="53" />
                <BranchPoint vc="0" uspid="1576" ordinal="12" offset="147" sl="267" path="0" offsetend="149" fileid="53" />
                <BranchPoint vc="0" uspid="1577" ordinal="13" offset="147" sl="267" path="1" offsetend="156" fileid="53" />
                <BranchPoint vc="0" uspid="1580" ordinal="16" offset="335" sl="273" path="0" offsetend="337" fileid="53" />
                <BranchPoint vc="0" uspid="1581" ordinal="17" offset="335" sl="273" path="1" offsetend="360" fileid="53" />
              </BranchPoints>
              <MethodPoint vc="0" uspid="1586" ordinal="0" offset="0" />
            </Method>
            <Method visited="false" cyclomaticComplexity="1" nPathComplexity="0" sequenceCoverage="0" branchCoverage="0" isConstructor="false" isStatic="false" isGetter="false" isSetter="false">
              <Summary numSequencePoints="0" visitedSequencePoints="0" numBranchPoints="0" visitedBranchPoints="0" sequenceCoverage="0" branchCoverage="0" maxCyclomaticComplexity="1" minCyclomaticComplexity="1" visitedClasses="0" numClasses="0" visitedMethods="0" numMethods="0" />
              <MetadataToken>100663739</MetadataToken>
              <Name>System.Void EmployeeWebApi.Controllers.ManageController/&lt;ManageLogins&gt;d__19::SetStateMachine(System.Runtime.CompilerServices.IAsyncStateMachine)</Name>
              <SequencePoints />
              <BranchPoints />
              <MethodPoint vc="0" uspid="1587" ordinal="0" offset="0" />
            </Method>
          </Methods>
        </Class>
        <Class>
          <Summary numSequencePoints="12" visitedSequencePoints="0" numBranchPoints="7" visitedBranchPoints="0" sequenceCoverage="0" branchCoverage="0" maxCyclomaticComplexity="12" minCyclomaticComplexity="1" visitedClasses="0" numClasses="1" visitedMethods="0" numMethods="1" />
          <FullName>EmployeeWebApi.Controllers.ManageController/&lt;LinkLoginCallback&gt;d__21</FullName>
          <Methods>
            <Method visited="false" cyclomaticComplexity="1" nPathComplexity="0" sequenceCoverage="0" branchCoverage="0" isConstructor="true" isStatic="false" isGetter="false" isSetter="false">
              <Summary numSequencePoints="0" visitedSequencePoints="0" numBranchPoints="0" visitedBranchPoints="0" sequenceCoverage="0" branchCoverage="0" maxCyclomaticComplexity="1" minCyclomaticComplexity="1" visitedClasses="0" numClasses="0" visitedMethods="0" numMethods="0" />
              <MetadataToken>100663740</MetadataToken>
              <Name>System.Void EmployeeWebApi.Controllers.ManageController/&lt;LinkLoginCallback&gt;d__21::.ctor()</Name>
              <SequencePoints />
              <BranchPoints />
              <MethodPoint vc="0" uspid="1588" ordinal="0" offset="0" />
            </Method>
            <Method visited="false" cyclomaticComplexity="12" nPathComplexity="8" sequenceCoverage="0" branchCoverage="0" isConstructor="false" isStatic="false" isGetter="false" isSetter="false">
              <Summary numSequencePoints="12" visitedSequencePoints="0" numBranchPoints="7" visitedBranchPoints="0" sequenceCoverage="0" branchCoverage="0" maxCyclomaticComplexity="12" minCyclomaticComplexity="12" visitedClasses="0" numClasses="0" visitedMethods="0" numMethods="1" />
              <MetadataToken>100663741</MetadataToken>
              <Name>System.Void EmployeeWebApi.Controllers.ManageController/&lt;LinkLoginCallback&gt;d__21::MoveNext()</Name>
              <FileRef uid="53" />
              <SequencePoints>
                <SequencePoint vc="0" uspid="1589" ordinal="0" offset="39" sl="303" sc="9" el="303" ec="10" bec="0" bev="0" fileid="53" />
                <SequencePoint vc="0" uspid="1590" ordinal="1" offset="40" sl="304" sc="13" el="304" ec="52" bec="0" bev="0" fileid="53" />
                <SequencePoint vc="0" uspid="1591" ordinal="2" offset="176" sl="305" sc="13" el="305" ec="30" bec="2" bev="0" fileid="53" />
                <SequencePoint vc="0" uspid="1592" ordinal="3" offset="191" sl="306" sc="13" el="306" ec="14" bec="0" bev="0" fileid="53" />
                <SequencePoint vc="0" uspid="1593" ordinal="4" offset="192" sl="307" sc="17" el="307" ec="38" bec="0" bev="0" fileid="53" />
                <SequencePoint vc="0" uspid="1594" ordinal="5" offset="214" sl="309" sc="13" el="309" ec="89" bec="0" bev="0" fileid="53" />
                <SequencePoint vc="0" uspid="1595" ordinal="6" offset="376" sl="310" sc="13" el="310" ec="30" bec="2" bev="0" fileid="53" />
                <SequencePoint vc="0" uspid="1596" ordinal="7" offset="391" sl="311" sc="13" el="311" ec="14" bec="0" bev="0" fileid="53" />
                <SequencePoint vc="0" uspid="1597" ordinal="8" offset="392" sl="312" sc="17" el="312" ec="104" bec="0" bev="0" fileid="53" />
                <SequencePoint vc="0" uspid="1598" ordinal="9" offset="420" sl="314" sc="13" el="314" ec="71" bec="0" bev="0" fileid="53" />
                <SequencePoint vc="0" uspid="1599" ordinal="10" offset="578" sl="315" sc="13" el="315" ec="102" bec="2" bev="0" fileid="53" />
                <SequencePoint vc="0" uspid="1600" ordinal="11" offset="601" sl="316" sc="13" el="316" ec="86" bec="0" bev="0" fileid="53" />
              </SequencePoints>
              <BranchPoints>
                <BranchPoint vc="0" uspid="1604" ordinal="2" offset="189" sl="305" path="0" offsetend="191" fileid="53" />
                <BranchPoint vc="0" uspid="1605" ordinal="3" offset="189" sl="305" path="1" offsetend="214" fileid="53" />
                <BranchPoint vc="0" uspid="1608" ordinal="6" offset="389" sl="310" path="0" offsetend="391" fileid="53" />
                <BranchPoint vc="0" uspid="1609" ordinal="7" offset="389" sl="310" path="1" offsetend="420" fileid="53" />
                <BranchPoint vc="0" uspid="1612" ordinal="10" offset="590" sl="315" path="0" offsetend="592" fileid="53" />
                <BranchPoint vc="0" uspid="1613" ordinal="11" offset="590" sl="315" path="1" offsetend="595" fileid="53" />
              </BranchPoints>
              <MethodPoint vc="0" uspid="1614" ordinal="0" offset="0" />
            </Method>
            <Method visited="false" cyclomaticComplexity="1" nPathComplexity="0" sequenceCoverage="0" branchCoverage="0" isConstructor="false" isStatic="false" isGetter="false" isSetter="false">
              <Summary numSequencePoints="0" visitedSequencePoints="0" numBranchPoints="0" visitedBranchPoints="0" sequenceCoverage="0" branchCoverage="0" maxCyclomaticComplexity="1" minCyclomaticComplexity="1" visitedClasses="0" numClasses="0" visitedMethods="0" numMethods="0" />
              <MetadataToken>100663742</MetadataToken>
              <Name>System.Void EmployeeWebApi.Controllers.ManageController/&lt;LinkLoginCallback&gt;d__21::SetStateMachine(System.Runtime.CompilerServices.IAsyncStateMachine)</Name>
              <SequencePoints />
              <BranchPoints />
              <MethodPoint vc="0" uspid="1615" ordinal="0" offset="0" />
            </Method>
          </Methods>
        </Class>
        <Class>
          <Summary numSequencePoints="2" visitedSequencePoints="0" numBranchPoints="1" visitedBranchPoints="0" sequenceCoverage="0" branchCoverage="0" maxCyclomaticComplexity="3" minCyclomaticComplexity="1" visitedClasses="0" numClasses="1" visitedMethods="0" numMethods="1" />
          <FullName>EmployeeWebApi.Controllers.ManageController/&lt;GetCurrentUserAsync&gt;d__24</FullName>
          <Methods>
            <Method visited="false" cyclomaticComplexity="1" nPathComplexity="0" sequenceCoverage="0" branchCoverage="0" isConstructor="true" isStatic="false" isGetter="false" isSetter="false">
              <Summary numSequencePoints="0" visitedSequencePoints="0" numBranchPoints="0" visitedBranchPoints="0" sequenceCoverage="0" branchCoverage="0" maxCyclomaticComplexity="1" minCyclomaticComplexity="1" visitedClasses="0" numClasses="0" visitedMethods="0" numMethods="0" />
              <MetadataToken>100663743</MetadataToken>
              <Name>System.Void EmployeeWebApi.Controllers.ManageController/&lt;GetCurrentUserAsync&gt;d__24::.ctor()</Name>
              <SequencePoints />
              <BranchPoints />
              <MethodPoint vc="0" uspid="1616" ordinal="0" offset="0" />
            </Method>
            <Method visited="false" cyclomaticComplexity="3" nPathComplexity="0" sequenceCoverage="0" branchCoverage="0" isConstructor="false" isStatic="false" isGetter="false" isSetter="false">
              <Summary numSequencePoints="2" visitedSequencePoints="0" numBranchPoints="1" visitedBranchPoints="0" sequenceCoverage="0" branchCoverage="0" maxCyclomaticComplexity="3" minCyclomaticComplexity="3" visitedClasses="0" numClasses="0" visitedMethods="0" numMethods="1" />
              <MetadataToken>100663744</MetadataToken>
              <Name>System.Void EmployeeWebApi.Controllers.ManageController/&lt;GetCurrentUserAsync&gt;d__24::MoveNext()</Name>
              <FileRef uid="53" />
              <SequencePoints>
                <SequencePoint vc="0" uspid="1617" ordinal="0" offset="14" sl="342" sc="9" el="342" ec="10" bec="0" bev="0" fileid="53" />
                <SequencePoint vc="0" uspid="1618" ordinal="1" offset="15" sl="343" sc="13" el="343" ec="83" bec="0" bev="0" fileid="53" />
              </SequencePoints>
              <BranchPoints />
              <MethodPoint vc="0" uspid="1622" ordinal="0" offset="0" />
            </Method>
            <Method visited="false" cyclomaticComplexity="1" nPathComplexity="0" sequenceCoverage="0" branchCoverage="0" isConstructor="false" isStatic="false" isGetter="false" isSetter="false">
              <Summary numSequencePoints="0" visitedSequencePoints="0" numBranchPoints="0" visitedBranchPoints="0" sequenceCoverage="0" branchCoverage="0" maxCyclomaticComplexity="1" minCyclomaticComplexity="1" visitedClasses="0" numClasses="0" visitedMethods="0" numMethods="0" />
              <MetadataToken>100663745</MetadataToken>
              <Name>System.Void EmployeeWebApi.Controllers.ManageController/&lt;GetCurrentUserAsync&gt;d__24::SetStateMachine(System.Runtime.CompilerServices.IAsyncStateMachine)</Name>
              <SequencePoints />
              <BranchPoints />
              <MethodPoint vc="0" uspid="1623" ordinal="0" offset="0" />
            </Method>
          </Methods>
        </Class>
      </Classes>
    </Module>
    <Module skippedDueTo="MissingPdb" hash="F0-65-84-49-30-EE-D3-6F-99-3E-9F-0C-75-33-E4-04-AC-F6-BB-9F">
      <ModulePath>C:\Users\baraneetharan.r\.dnx\packages\Newtonsoft.Json\7.0.1\lib\net45\Newtonsoft.Json.dll</ModulePath>
      <ModuleTime>2016-03-14T07:03:14.788813Z</ModuleTime>
      <ModuleName>Newtonsoft.Json</ModuleName>
      <Classes />
    </Module>
    <Module skippedDueTo="Filter" hash="07-45-D5-E5-64-A5-50-1F-70-A0-AC-85-75-89-96-B5-69-A5-81-0F">
      <ModulePath>C:\Users\baraneetharan.r\.dnx\packages\xunit.assert\2.1.0\lib\dotnet\xunit.assert.dll</ModulePath>
      <ModuleTime>2016-03-14T07:03:14.9178259Z</ModuleTime>
      <ModuleName>xunit.assert</ModuleName>
      <Classes />
    </Module>
    <Module skippedDueTo="MissingPdb" hash="5C-82-3D-6B-CB-03-C8-CD-BF-6F-93-63-77-3D-AB-42-83-8E-5F-E4">
      <ModulePath>C:\Users\baraneetharan.r\.dnx\packages\Moq\4.2.1510.2205\lib\net40\Moq.dll</ModulePath>
      <ModuleTime>2016-03-25T09:33:43.0103709Z</ModuleTime>
      <ModuleName>Moq</ModuleName>
      <Classes />
    </Module>
    <Module skippedDueTo="MissingPdb" hash="B0-CB-C6-2E-09-3D-49-74-78-3A-7F-BB-01-ED-CE-08-D5-8D-38-13">
      <ModulePath>C:\Users\baraneetharan.r\.dnx\packages\Microsoft.AspNet.Mvc.ViewFeatures\6.0.0-rc1-final\lib\net451\Microsoft.AspNet.Mvc.ViewFeatures.dll</ModulePath>
      <ModuleTime>2016-03-04T07:03:58.7874478Z</ModuleTime>
      <ModuleName>Microsoft.AspNet.Mvc.ViewFeatures</ModuleName>
      <Classes />
    </Module>
    <Module skippedDueTo="MissingPdb" hash="A7-62-C5-67-19-90-EB-E1-05-8E-6C-2E-0E-92-CB-CA-74-B7-FA-87">
      <ModulePath>C:\Users\baraneetharan.r\.dnx\packages\Microsoft.AspNet.Mvc.Abstractions\6.0.0-rc1-final\lib\net451\Microsoft.AspNet.Mvc.Abstractions.dll</ModulePath>
      <ModuleTime>2016-03-04T07:03:58.9314478Z</ModuleTime>
      <ModuleName>Microsoft.AspNet.Mvc.Abstractions</ModuleName>
      <Classes />
    </Module>
    <Module skippedDueTo="MissingPdb" hash="">
      <ModulePath>RefEmit_InMemoryManifestModule</ModulePath>
      <ModuleTime>0001-01-01T00:00:00</ModuleTime>
      <ModuleName>DynamicProxyGenAssembly2</ModuleName>
      <Classes />
    </Module>
    <Module skippedDueTo="MissingPdb" hash="">
      <ModulePath>RefEmit_InMemoryManifestModule</ModulePath>
      <ModuleTime>0001-01-01T00:00:00</ModuleTime>
      <ModuleName>DynamicProxyGenAssembly2</ModuleName>
      <Classes />
    </Module>
    <Module skippedDueTo="MissingPdb" hash="90-96-36-BC-03-16-A4-2B-36-4F-7A-00-96-AE-3D-F1-04-B2-0B-AD">
      <ModulePath>C:\Users\baraneetharan.r\.dnx\packages\Microsoft.AspNet.Mvc.Core\6.0.0-rc1-final\lib\net451\Microsoft.AspNet.Mvc.Core.dll</ModulePath>
      <ModuleTime>2016-03-04T07:03:58.9034478Z</ModuleTime>
      <ModuleName>Microsoft.AspNet.Mvc.Core</ModuleName>
      <Classes />
    </Module>
    <Module skippedDueTo="MissingPdb" hash="04-21-84-69-4F-0C-B9-2E-29-8B-2B-31-60-BA-6E-9A-7E-72-5A-5E">
      <ModulePath>C:\windows\Microsoft.Net\assembly\GAC_MSIL\Microsoft.CSharp\v4.0_4.0.0.0__b03f5f7f11d50a3a\Microsoft.CSharp.dll</ModulePath>
      <ModuleTime>2015-11-05T15:06:48Z</ModuleTime>
      <ModuleName>Microsoft.CSharp</ModuleName>
      <Classes />
    </Module>
    <Module skippedDueTo="Filter" hash="53-BE-40-65-72-CF-40-9A-6B-43-AD-5D-1B-BB-67-61-8D-23-0F-4F">
      <ModulePath>C:\windows\Microsoft.Net\assembly\GAC_MSIL\System.Numerics\v4.0_4.0.0.0__b77a5c561934e089\System.Numerics.dll</ModulePath>
      <ModuleTime>2015-11-05T15:06:48Z</ModuleTime>
      <ModuleName>System.Numerics</ModuleName>
      <Classes />
    </Module>
    <Module skippedDueTo="Filter" hash="F8-F6-CA-CC-FF-C3-FD-D3-AD-8A-3C-74-EF-02-F4-4C-24-2D-17-64">
      <ModulePath>C:\windows\Microsoft.Net\assembly\GAC_MSIL\System.Dynamic\v4.0_4.0.0.0__b03f5f7f11d50a3a\System.Dynamic.dll</ModulePath>
      <ModuleTime>2015-11-05T15:06:48Z</ModuleTime>
      <ModuleName>System.Dynamic</ModuleName>
      <Classes />
    </Module>
  </Modules>
</CoverageSession>